Classic Timing Analyzer report for div_freq
Tue Sep 07 08:42:53 2021
Quartus II Version 9.0 Build 235 06/17/2009 Service Pack 2 SJ Web Edition


---------------------
; Table of Contents ;
---------------------
  1. Legal Notice
  2. Timing Analyzer Summary
  3. Timing Analyzer Settings
  4. Clock Settings Summary
  5. Parallel Compilation
  6. Clock Setup: 'clk'
  7. tco
  8. Timing Analyzer Messages



----------------
; Legal Notice ;
----------------
Copyright (C) 1991-2009 Altera Corporation
Your use of Altera Corporation's design tools, logic functions 
and other software and tools, and its AMPP partner logic 
functions, and any output files from any of the foregoing 
(including device programming or simulation files), and any 
associated documentation or information are expressly subject 
to the terms and conditions of the Altera Program License 
Subscription Agreement, Altera MegaCore Function License 
Agreement, or other applicable license agreement, including, 
without limitation, that your use is for the sole purpose of 
programming logic devices manufactured by Altera and sold by 
Altera or its authorized distributors.  Please refer to the 
applicable agreement for further details.



+-------------------------------------------------------------------------------------------------------------------------------------------------------------+
; Timing Analyzer Summary                                                                                                                                     ;
+------------------------------+-------+---------------+----------------------------------+-------------+--------------+------------+----------+--------------+
; Type                         ; Slack ; Required Time ; Actual Time                      ; From        ; To           ; From Clock ; To Clock ; Failed Paths ;
+------------------------------+-------+---------------+----------------------------------+-------------+--------------+------------+----------+--------------+
; Worst-case tco               ; N/A   ; None          ; 6.988 ns                         ; var_temp    ; clk_out      ; clk        ; --       ; 0            ;
; Clock Setup: 'clk'           ; N/A   ; None          ; 248.08 MHz ( period = 4.031 ns ) ; compteur[6] ; compteur[24] ; clk        ; clk      ; 0            ;
; Total number of failed paths ;       ;               ;                                  ;             ;              ;            ;          ; 0            ;
+------------------------------+-------+---------------+----------------------------------+-------------+--------------+------------+----------+--------------+


+--------------------------------------------------------------------------------------------------------------------+
; Timing Analyzer Settings                                                                                           ;
+---------------------------------------------------------------------+--------------------+------+----+-------------+
; Option                                                              ; Setting            ; From ; To ; Entity Name ;
+---------------------------------------------------------------------+--------------------+------+----+-------------+
; Device Name                                                         ; EP2C35F672C6       ;      ;    ;             ;
; Timing Models                                                       ; Final              ;      ;    ;             ;
; Default hold multicycle                                             ; Same as Multicycle ;      ;    ;             ;
; Cut paths between unrelated clock domains                           ; On                 ;      ;    ;             ;
; Cut off read during write signal paths                              ; On                 ;      ;    ;             ;
; Cut off feedback from I/O pins                                      ; On                 ;      ;    ;             ;
; Report Combined Fast/Slow Timing                                    ; Off                ;      ;    ;             ;
; Ignore Clock Settings                                               ; Off                ;      ;    ;             ;
; Analyze latches as synchronous elements                             ; On                 ;      ;    ;             ;
; Enable Recovery/Removal analysis                                    ; Off                ;      ;    ;             ;
; Enable Clock Latency                                                ; Off                ;      ;    ;             ;
; Use TimeQuest Timing Analyzer                                       ; Off                ;      ;    ;             ;
; Minimum Core Junction Temperature                                   ; 0                  ;      ;    ;             ;
; Maximum Core Junction Temperature                                   ; 85                 ;      ;    ;             ;
; Number of source nodes to report per destination node               ; 10                 ;      ;    ;             ;
; Number of destination nodes to report                               ; 10                 ;      ;    ;             ;
; Number of paths to report                                           ; 200                ;      ;    ;             ;
; Report Minimum Timing Checks                                        ; Off                ;      ;    ;             ;
; Use Fast Timing Models                                              ; Off                ;      ;    ;             ;
; Report IO Paths Separately                                          ; Off                ;      ;    ;             ;
; Perform Multicorner Analysis                                        ; On                 ;      ;    ;             ;
; Reports the worst-case path for each clock domain and analysis      ; Off                ;      ;    ;             ;
; Removes common clock path pessimism (CCPP) during slack computation ; Off                ;      ;    ;             ;
; Output I/O Timing Endpoint                                          ; Near End           ;      ;    ;             ;
+---------------------------------------------------------------------+--------------------+------+----+-------------+


+------------------------------------------------------------------------------------------------------------------------------------------------------------------------------------+
; Clock Settings Summary                                                                                                                                                             ;
+-----------------+--------------------+----------+------------------+---------------+--------------+----------+-----------------------+---------------------+--------+--------------+
; Clock Node Name ; Clock Setting Name ; Type     ; Fmax Requirement ; Early Latency ; Late Latency ; Based on ; Multiply Base Fmax by ; Divide Base Fmax by ; Offset ; Phase offset ;
+-----------------+--------------------+----------+------------------+---------------+--------------+----------+-----------------------+---------------------+--------+--------------+
; clk             ;                    ; User Pin ; None             ; 0.000 ns      ; 0.000 ns     ; --       ; N/A                   ; N/A                 ; N/A    ;              ;
+-----------------+--------------------+----------+------------------+---------------+--------------+----------+-----------------------+---------------------+--------+--------------+


Parallel compilation was disabled, but you have multiple processors available. Enable parallel compilation to reduce compilation time.
+-------------------------------------+
; Parallel Compilation                ;
+----------------------------+--------+
; Processors                 ; Number ;
+----------------------------+--------+
; Number detected on machine ; 4      ;
; Maximum allowed            ; 1      ;
+----------------------------+--------+


+-----------------------------------------------------------------------------------------------------------------------------------------------------------------------------------------------------------------------------------------+
; Clock Setup: 'clk'                                                                                                                                                                                                                      ;
+-----------------------------------------+-----------------------------------------------------+--------------+--------------+------------+----------+-----------------------------+---------------------------+-------------------------+
; Slack                                   ; Actual fmax (period)                                ; From         ; To           ; From Clock ; To Clock ; Required Setup Relationship ; Required Longest P2P Time ; Actual Longest P2P Time ;
+-----------------------------------------+-----------------------------------------------------+--------------+--------------+------------+----------+-----------------------------+---------------------------+-------------------------+
; N/A                                     ; 248.08 MHz ( period = 4.031 ns )                    ; compteur[6]  ; compteur[24] ; clk        ; clk      ; None                        ; None                      ; 3.814 ns                ;
; N/A                                     ; 250.00 MHz ( period = 4.000 ns )                    ; compteur[0]  ; compteur[24] ; clk        ; clk      ; None                        ; None                      ; 3.796 ns                ;
; N/A                                     ; 254.19 MHz ( period = 3.934 ns )                    ; compteur[1]  ; compteur[24] ; clk        ; clk      ; None                        ; None                      ; 3.730 ns                ;
; N/A                                     ; 258.46 MHz ( period = 3.869 ns )                    ; compteur[2]  ; compteur[24] ; clk        ; clk      ; None                        ; None                      ; 3.665 ns                ;
; N/A                                     ; 261.10 MHz ( period = 3.830 ns )                    ; compteur[3]  ; compteur[24] ; clk        ; clk      ; None                        ; None                      ; 3.626 ns                ;
; N/A                                     ; 262.54 MHz ( period = 3.809 ns )                    ; compteur[6]  ; compteur[31] ; clk        ; clk      ; None                        ; None                      ; 3.593 ns                ;
; N/A                                     ; 264.62 MHz ( period = 3.779 ns )                    ; compteur[6]  ; compteur[14] ; clk        ; clk      ; None                        ; None                      ; 3.562 ns                ;
; N/A                                     ; 264.69 MHz ( period = 3.778 ns )                    ; compteur[0]  ; compteur[31] ; clk        ; clk      ; None                        ; None                      ; 3.575 ns                ;
; N/A                                     ; 266.81 MHz ( period = 3.748 ns )                    ; compteur[0]  ; compteur[14] ; clk        ; clk      ; None                        ; None                      ; 3.544 ns                ;
; N/A                                     ; 267.52 MHz ( period = 3.738 ns )                    ; compteur[6]  ; compteur[30] ; clk        ; clk      ; None                        ; None                      ; 3.522 ns                ;
; N/A                                     ; 268.31 MHz ( period = 3.727 ns )                    ; compteur[4]  ; compteur[24] ; clk        ; clk      ; None                        ; None                      ; 3.523 ns                ;
; N/A                                     ; 269.40 MHz ( period = 3.712 ns )                    ; compteur[1]  ; compteur[31] ; clk        ; clk      ; None                        ; None                      ; 3.509 ns                ;
; N/A                                     ; 269.76 MHz ( period = 3.707 ns )                    ; compteur[0]  ; compteur[30] ; clk        ; clk      ; None                        ; None                      ; 3.504 ns                ;
; N/A                                     ; 271.15 MHz ( period = 3.688 ns )                    ; compteur[5]  ; compteur[24] ; clk        ; clk      ; None                        ; None                      ; 3.484 ns                ;
; N/A                                     ; 271.59 MHz ( period = 3.682 ns )                    ; compteur[1]  ; compteur[14] ; clk        ; clk      ; None                        ; None                      ; 3.478 ns                ;
; N/A                                     ; 272.70 MHz ( period = 3.667 ns )                    ; compteur[6]  ; compteur[29] ; clk        ; clk      ; None                        ; None                      ; 3.451 ns                ;
; N/A                                     ; 273.60 MHz ( period = 3.655 ns )                    ; compteur[6]  ; compteur[22] ; clk        ; clk      ; None                        ; None                      ; 3.441 ns                ;
; N/A                                     ; 274.20 MHz ( period = 3.647 ns )                    ; compteur[2]  ; compteur[31] ; clk        ; clk      ; None                        ; None                      ; 3.444 ns                ;
; N/A                                     ; 274.65 MHz ( period = 3.641 ns )                    ; compteur[1]  ; compteur[30] ; clk        ; clk      ; None                        ; None                      ; 3.438 ns                ;
; N/A                                     ; 275.03 MHz ( period = 3.636 ns )                    ; compteur[0]  ; compteur[29] ; clk        ; clk      ; None                        ; None                      ; 3.433 ns                ;
; N/A                                     ; 275.33 MHz ( period = 3.632 ns )                    ; compteur[11] ; compteur[24] ; clk        ; clk      ; None                        ; None                      ; 3.418 ns                ;
; N/A                                     ; 275.94 MHz ( period = 3.624 ns )                    ; compteur[0]  ; compteur[22] ; clk        ; clk      ; None                        ; None                      ; 3.423 ns                ;
; N/A                                     ; 276.47 MHz ( period = 3.617 ns )                    ; compteur[2]  ; compteur[14] ; clk        ; clk      ; None                        ; None                      ; 3.413 ns                ;
; N/A                                     ; 277.16 MHz ( period = 3.608 ns )                    ; compteur[3]  ; compteur[31] ; clk        ; clk      ; None                        ; None                      ; 3.405 ns                ;
; N/A                                     ; 277.55 MHz ( period = 3.603 ns )                    ; compteur[6]  ; compteur[19] ; clk        ; clk      ; None                        ; None                      ; 3.389 ns                ;
; N/A                                     ; 278.09 MHz ( period = 3.596 ns )                    ; compteur[6]  ; compteur[28] ; clk        ; clk      ; None                        ; None                      ; 3.380 ns                ;
; N/A                                     ; 278.71 MHz ( period = 3.588 ns )                    ; compteur[6]  ; compteur[21] ; clk        ; clk      ; None                        ; None                      ; 3.374 ns                ;
; N/A                                     ; 278.94 MHz ( period = 3.585 ns )                    ; compteur[12] ; compteur[24] ; clk        ; clk      ; None                        ; None                      ; 3.371 ns                ;
; N/A                                     ; 279.49 MHz ( period = 3.578 ns )                    ; compteur[3]  ; compteur[14] ; clk        ; clk      ; None                        ; None                      ; 3.374 ns                ;
; N/A                                     ; 279.64 MHz ( period = 3.576 ns )                    ; compteur[2]  ; compteur[30] ; clk        ; clk      ; None                        ; None                      ; 3.373 ns                ;
; N/A                                     ; 279.96 MHz ( period = 3.572 ns )                    ; compteur[0]  ; compteur[19] ; clk        ; clk      ; None                        ; None                      ; 3.371 ns                ;
; N/A                                     ; 280.11 MHz ( period = 3.570 ns )                    ; compteur[1]  ; compteur[29] ; clk        ; clk      ; None                        ; None                      ; 3.367 ns                ;
; N/A                                     ; 280.50 MHz ( period = 3.565 ns )                    ; compteur[0]  ; compteur[28] ; clk        ; clk      ; None                        ; None                      ; 3.362 ns                ;
; N/A                                     ; 281.06 MHz ( period = 3.558 ns )                    ; compteur[1]  ; compteur[22] ; clk        ; clk      ; None                        ; None                      ; 3.357 ns                ;
; N/A                                     ; 281.14 MHz ( period = 3.557 ns )                    ; compteur[0]  ; compteur[21] ; clk        ; clk      ; None                        ; None                      ; 3.356 ns                ;
; N/A                                     ; 282.73 MHz ( period = 3.537 ns )                    ; compteur[3]  ; compteur[30] ; clk        ; clk      ; None                        ; None                      ; 3.334 ns                ;
; N/A                                     ; 283.69 MHz ( period = 3.525 ns )                    ; compteur[6]  ; compteur[27] ; clk        ; clk      ; None                        ; None                      ; 3.309 ns                ;
; N/A                                     ; 284.09 MHz ( period = 3.520 ns )                    ; compteur[6]  ; compteur[20] ; clk        ; clk      ; None                        ; None                      ; 3.306 ns                ;
; N/A                                     ; 284.25 MHz ( period = 3.518 ns )                    ; compteur[7]  ; compteur[24] ; clk        ; clk      ; None                        ; None                      ; 3.314 ns                ;
; N/A                                     ; 284.25 MHz ( period = 3.518 ns )                    ; compteur[1]  ; compteur[18] ; clk        ; clk      ; None                        ; None                      ; 3.317 ns                ;
; N/A                                     ; 284.74 MHz ( period = 3.512 ns )                    ; compteur[1]  ; compteur[19] ; clk        ; clk      ; None                        ; None                      ; 3.311 ns                ;
; N/A                                     ; 285.31 MHz ( period = 3.505 ns )                    ; compteur[4]  ; compteur[31] ; clk        ; clk      ; None                        ; None                      ; 3.302 ns                ;
; N/A                                     ; 285.31 MHz ( period = 3.505 ns )                    ; compteur[2]  ; compteur[29] ; clk        ; clk      ; None                        ; None                      ; 3.302 ns                ;
; N/A                                     ; 285.39 MHz ( period = 3.504 ns )                    ; compteur[6]  ; compteur[18] ; clk        ; clk      ; None                        ; None                      ; 3.290 ns                ;
; N/A                                     ; 285.80 MHz ( period = 3.499 ns )                    ; compteur[1]  ; compteur[28] ; clk        ; clk      ; None                        ; None                      ; 3.296 ns                ;
; N/A                                     ; 286.20 MHz ( period = 3.494 ns )                    ; compteur[0]  ; compteur[27] ; clk        ; clk      ; None                        ; None                      ; 3.291 ns                ;
; N/A                                     ; 286.29 MHz ( period = 3.493 ns )                    ; compteur[2]  ; compteur[22] ; clk        ; clk      ; None                        ; None                      ; 3.292 ns                ;
; N/A                                     ; 286.45 MHz ( period = 3.491 ns )                    ; compteur[1]  ; compteur[21] ; clk        ; clk      ; None                        ; None                      ; 3.290 ns                ;
; N/A                                     ; 286.62 MHz ( period = 3.489 ns )                    ; compteur[0]  ; compteur[20] ; clk        ; clk      ; None                        ; None                      ; 3.288 ns                ;
; N/A                                     ; 287.77 MHz ( period = 3.475 ns )                    ; compteur[4]  ; compteur[14] ; clk        ; clk      ; None                        ; None                      ; 3.271 ns                ;
; N/A                                     ; 287.94 MHz ( period = 3.473 ns )                    ; compteur[0]  ; compteur[18] ; clk        ; clk      ; None                        ; None                      ; 3.272 ns                ;
; N/A                                     ; 288.02 MHz ( period = 3.472 ns )                    ; compteur[6]  ; compteur[13] ; clk        ; clk      ; None                        ; None                      ; 3.255 ns                ;
; N/A                                     ; 288.02 MHz ( period = 3.472 ns )                    ; compteur[13] ; compteur[24] ; clk        ; clk      ; None                        ; None                      ; 3.258 ns                ;
; N/A                                     ; 288.52 MHz ( period = 3.466 ns )                    ; compteur[5]  ; compteur[31] ; clk        ; clk      ; None                        ; None                      ; 3.263 ns                ;
; N/A                                     ; 288.52 MHz ( period = 3.466 ns )                    ; compteur[3]  ; compteur[29] ; clk        ; clk      ; None                        ; None                      ; 3.263 ns                ;
; N/A                                     ; 289.52 MHz ( period = 3.454 ns )                    ; compteur[6]  ; compteur[26] ; clk        ; clk      ; None                        ; None                      ; 3.238 ns                ;
; N/A                                     ; 289.52 MHz ( period = 3.454 ns )                    ; compteur[3]  ; compteur[22] ; clk        ; clk      ; None                        ; None                      ; 3.253 ns                ;
; N/A                                     ; 290.61 MHz ( period = 3.441 ns )                    ; compteur[0]  ; compteur[13] ; clk        ; clk      ; None                        ; None                      ; 3.237 ns                ;
; N/A                                     ; 290.61 MHz ( period = 3.441 ns )                    ; compteur[14] ; compteur[24] ; clk        ; clk      ; None                        ; None                      ; 3.227 ns                ;
; N/A                                     ; 290.61 MHz ( period = 3.441 ns )                    ; compteur[2]  ; compteur[19] ; clk        ; clk      ; None                        ; None                      ; 3.240 ns                ;
; N/A                                     ; 290.78 MHz ( period = 3.439 ns )                    ; compteur[8]  ; compteur[6]  ; clk        ; clk      ; None                        ; None                      ; 3.238 ns                ;
; N/A                                     ; 290.87 MHz ( period = 3.438 ns )                    ; compteur[8]  ; compteur[21] ; clk        ; clk      ; None                        ; None                      ; 3.237 ns                ;
; N/A                                     ; 291.04 MHz ( period = 3.436 ns )                    ; compteur[10] ; compteur[6]  ; clk        ; clk      ; None                        ; None                      ; 3.235 ns                ;
; N/A                                     ; 291.04 MHz ( period = 3.436 ns )                    ; compteur[5]  ; compteur[14] ; clk        ; clk      ; None                        ; None                      ; 3.232 ns                ;
; N/A                                     ; 291.12 MHz ( period = 3.435 ns )                    ; compteur[10] ; compteur[21] ; clk        ; clk      ; None                        ; None                      ; 3.234 ns                ;
; N/A                                     ; 291.21 MHz ( period = 3.434 ns )                    ; compteur[2]  ; compteur[28] ; clk        ; clk      ; None                        ; None                      ; 3.231 ns                ;
; N/A                                     ; 291.21 MHz ( period = 3.434 ns )                    ; compteur[4]  ; compteur[30] ; clk        ; clk      ; None                        ; None                      ; 3.231 ns                ;
; N/A                                     ; 291.29 MHz ( period = 3.433 ns )                    ; compteur[8]  ; compteur[20] ; clk        ; clk      ; None                        ; None                      ; 3.232 ns                ;
; N/A                                     ; 291.38 MHz ( period = 3.432 ns )                    ; compteur[8]  ; compteur[22] ; clk        ; clk      ; None                        ; None                      ; 3.231 ns                ;
; N/A                                     ; 291.55 MHz ( period = 3.430 ns )                    ; compteur[10] ; compteur[20] ; clk        ; clk      ; None                        ; None                      ; 3.229 ns                ;
; N/A                                     ; 291.63 MHz ( period = 3.429 ns )                    ; compteur[10] ; compteur[22] ; clk        ; clk      ; None                        ; None                      ; 3.228 ns                ;
; N/A                                     ; 291.72 MHz ( period = 3.428 ns )                    ; compteur[1]  ; compteur[27] ; clk        ; clk      ; None                        ; None                      ; 3.225 ns                ;
; N/A                                     ; 291.89 MHz ( period = 3.426 ns )                    ; compteur[2]  ; compteur[21] ; clk        ; clk      ; None                        ; None                      ; 3.225 ns                ;
; N/A                                     ; 292.14 MHz ( period = 3.423 ns )                    ; compteur[0]  ; compteur[26] ; clk        ; clk      ; None                        ; None                      ; 3.220 ns                ;
; N/A                                     ; 292.14 MHz ( period = 3.423 ns )                    ; compteur[1]  ; compteur[20] ; clk        ; clk      ; None                        ; None                      ; 3.222 ns                ;
; N/A                                     ; 293.26 MHz ( period = 3.410 ns )                    ; compteur[11] ; compteur[31] ; clk        ; clk      ; None                        ; None                      ; 3.197 ns                ;
; N/A                                     ; 293.94 MHz ( period = 3.402 ns )                    ; compteur[3]  ; compteur[19] ; clk        ; clk      ; None                        ; None                      ; 3.201 ns                ;
; N/A                                     ; 294.55 MHz ( period = 3.395 ns )                    ; compteur[3]  ; compteur[28] ; clk        ; clk      ; None                        ; None                      ; 3.192 ns                ;
; N/A                                     ; 294.55 MHz ( period = 3.395 ns )                    ; compteur[5]  ; compteur[30] ; clk        ; clk      ; None                        ; None                      ; 3.192 ns                ;
; N/A                                     ; 295.25 MHz ( period = 3.387 ns )                    ; compteur[8]  ; compteur[24] ; clk        ; clk      ; None                        ; None                      ; 3.183 ns                ;
; N/A                                     ; 295.25 MHz ( period = 3.387 ns )                    ; compteur[3]  ; compteur[21] ; clk        ; clk      ; None                        ; None                      ; 3.186 ns                ;
; N/A                                     ; 295.42 MHz ( period = 3.385 ns )                    ; compteur[7]  ; compteur[6]  ; clk        ; clk      ; None                        ; None                      ; 3.184 ns                ;
; N/A                                     ; 295.51 MHz ( period = 3.384 ns )                    ; compteur[7]  ; compteur[21] ; clk        ; clk      ; None                        ; None                      ; 3.183 ns                ;
; N/A                                     ; 295.60 MHz ( period = 3.383 ns )                    ; compteur[6]  ; compteur[25] ; clk        ; clk      ; None                        ; None                      ; 3.167 ns                ;
; N/A                                     ; 295.86 MHz ( period = 3.380 ns )                    ; compteur[11] ; compteur[14] ; clk        ; clk      ; None                        ; None                      ; 3.166 ns                ;
; N/A                                     ; 295.95 MHz ( period = 3.379 ns )                    ; compteur[7]  ; compteur[20] ; clk        ; clk      ; None                        ; None                      ; 3.178 ns                ;
; N/A                                     ; 296.03 MHz ( period = 3.378 ns )                    ; compteur[7]  ; compteur[22] ; clk        ; clk      ; None                        ; None                      ; 3.177 ns                ;
; N/A                                     ; 296.30 MHz ( period = 3.375 ns )                    ; compteur[1]  ; compteur[13] ; clk        ; clk      ; None                        ; None                      ; 3.171 ns                ;
; N/A                                     ; 296.38 MHz ( period = 3.374 ns )                    ; compteur[6]  ; compteur[16] ; clk        ; clk      ; None                        ; None                      ; 3.157 ns                ;
; N/A                                     ; 297.00 MHz ( period = 3.367 ns )                    ; compteur[1]  ; compteur[6]  ; clk        ; clk      ; None                        ; None                      ; 3.166 ns                ;
; N/A                                     ; 297.35 MHz ( period = 3.363 ns )                    ; compteur[12] ; compteur[31] ; clk        ; clk      ; None                        ; None                      ; 3.150 ns                ;
; N/A                                     ; 297.35 MHz ( period = 3.363 ns )                    ; compteur[4]  ; compteur[29] ; clk        ; clk      ; None                        ; None                      ; 3.160 ns                ;
; N/A                                     ; 297.35 MHz ( period = 3.363 ns )                    ; compteur[2]  ; compteur[27] ; clk        ; clk      ; None                        ; None                      ; 3.160 ns                ;
; N/A                                     ; 297.80 MHz ( period = 3.358 ns )                    ; compteur[2]  ; compteur[20] ; clk        ; clk      ; None                        ; None                      ; 3.157 ns                ;
; N/A                                     ; 297.89 MHz ( period = 3.357 ns )                    ; compteur[1]  ; compteur[26] ; clk        ; clk      ; None                        ; None                      ; 3.154 ns                ;
; N/A                                     ; 298.33 MHz ( period = 3.352 ns )                    ; compteur[0]  ; compteur[25] ; clk        ; clk      ; None                        ; None                      ; 3.149 ns                ;
; N/A                                     ; 298.42 MHz ( period = 3.351 ns )                    ; compteur[4]  ; compteur[22] ; clk        ; clk      ; None                        ; None                      ; 3.150 ns                ;
; N/A                                     ; 299.13 MHz ( period = 3.343 ns )                    ; compteur[0]  ; compteur[16] ; clk        ; clk      ; None                        ; None                      ; 3.139 ns                ;
; N/A                                     ; 299.22 MHz ( period = 3.342 ns )                    ; compteur[2]  ; compteur[18] ; clk        ; clk      ; None                        ; None                      ; 3.141 ns                ;
; N/A                                     ; 299.49 MHz ( period = 3.339 ns )                    ; compteur[11] ; compteur[30] ; clk        ; clk      ; None                        ; None                      ; 3.126 ns                ;
; N/A                                     ; 300.03 MHz ( period = 3.333 ns )                    ; compteur[12] ; compteur[14] ; clk        ; clk      ; None                        ; None                      ; 3.119 ns                ;
; N/A                                     ; 300.84 MHz ( period = 3.324 ns )                    ; compteur[5]  ; compteur[29] ; clk        ; clk      ; None                        ; None                      ; 3.121 ns                ;
; N/A                                     ; 300.84 MHz ( period = 3.324 ns )                    ; compteur[3]  ; compteur[27] ; clk        ; clk      ; None                        ; None                      ; 3.121 ns                ;
; N/A                                     ; 301.30 MHz ( period = 3.319 ns )                    ; compteur[3]  ; compteur[20] ; clk        ; clk      ; None                        ; None                      ; 3.118 ns                ;
; N/A                                     ; 301.93 MHz ( period = 3.312 ns )                    ; compteur[5]  ; compteur[22] ; clk        ; clk      ; None                        ; None                      ; 3.111 ns                ;
; N/A                                     ; 302.11 MHz ( period = 3.310 ns )                    ; compteur[2]  ; compteur[13] ; clk        ; clk      ; None                        ; None                      ; 3.106 ns                ;
; N/A                                     ; 302.76 MHz ( period = 3.303 ns )                    ; compteur[3]  ; compteur[18] ; clk        ; clk      ; None                        ; None                      ; 3.102 ns                ;
; N/A                                     ; 303.12 MHz ( period = 3.299 ns )                    ; compteur[4]  ; compteur[19] ; clk        ; clk      ; None                        ; None                      ; 3.098 ns                ;
; N/A                                     ; 303.31 MHz ( period = 3.297 ns )                    ; compteur[0]  ; compteur[6]  ; clk        ; clk      ; None                        ; None                      ; 3.096 ns                ;
; N/A                                     ; 303.40 MHz ( period = 3.296 ns )                    ; compteur[7]  ; compteur[31] ; clk        ; clk      ; None                        ; None                      ; 3.093 ns                ;
; N/A                                     ; 303.77 MHz ( period = 3.292 ns )                    ; compteur[4]  ; compteur[28] ; clk        ; clk      ; None                        ; None                      ; 3.089 ns                ;
; N/A                                     ; 303.77 MHz ( period = 3.292 ns )                    ; compteur[12] ; compteur[30] ; clk        ; clk      ; None                        ; None                      ; 3.079 ns                ;
; N/A                                     ; 303.77 MHz ( period = 3.292 ns )                    ; compteur[2]  ; compteur[26] ; clk        ; clk      ; None                        ; None                      ; 3.089 ns                ;
; N/A                                     ; 303.86 MHz ( period = 3.291 ns )                    ; compteur[23] ; compteur[18] ; clk        ; clk      ; None                        ; None                      ; 3.079 ns                ;
; N/A                                     ; 304.32 MHz ( period = 3.286 ns )                    ; compteur[1]  ; compteur[25] ; clk        ; clk      ; None                        ; None                      ; 3.083 ns                ;
; N/A                                     ; 304.41 MHz ( period = 3.285 ns )                    ; compteur[23] ; compteur[19] ; clk        ; clk      ; None                        ; None                      ; 3.073 ns                ;
; N/A                                     ; 304.51 MHz ( period = 3.284 ns )                    ; compteur[4]  ; compteur[21] ; clk        ; clk      ; None                        ; None                      ; 3.083 ns                ;
; N/A                                     ; 304.88 MHz ( period = 3.280 ns )                    ; compteur[28] ; compteur[18] ; clk        ; clk      ; None                        ; None                      ; 3.068 ns                ;
; N/A                                     ; 304.97 MHz ( period = 3.279 ns )                    ; compteur[9]  ; compteur[24] ; clk        ; clk      ; None                        ; None                      ; 3.075 ns                ;
; N/A                                     ; 305.16 MHz ( period = 3.277 ns )                    ; compteur[1]  ; compteur[16] ; clk        ; clk      ; None                        ; None                      ; 3.073 ns                ;
; N/A                                     ; 305.44 MHz ( period = 3.274 ns )                    ; compteur[28] ; compteur[19] ; clk        ; clk      ; None                        ; None                      ; 3.062 ns                ;
; N/A                                     ; 305.72 MHz ( period = 3.271 ns )                    ; compteur[6]  ; compteur[12] ; clk        ; clk      ; None                        ; None                      ; 3.054 ns                ;
; N/A                                     ; 305.72 MHz ( period = 3.271 ns )                    ; compteur[3]  ; compteur[13] ; clk        ; clk      ; None                        ; None                      ; 3.067 ns                ;
; N/A                                     ; 305.90 MHz ( period = 3.269 ns )                    ; compteur[4]  ; compteur[6]  ; clk        ; clk      ; None                        ; None                      ; 3.068 ns                ;
; N/A                                     ; 306.00 MHz ( period = 3.268 ns )                    ; compteur[11] ; compteur[29] ; clk        ; clk      ; None                        ; None                      ; 3.055 ns                ;
; N/A                                     ; 306.18 MHz ( period = 3.266 ns )                    ; compteur[15] ; compteur[6]  ; clk        ; clk      ; None                        ; None                      ; 3.065 ns                ;
; N/A                                     ; 306.18 MHz ( period = 3.266 ns )                    ; compteur[7]  ; compteur[14] ; clk        ; clk      ; None                        ; None                      ; 3.062 ns                ;
; N/A                                     ; 306.28 MHz ( period = 3.265 ns )                    ; compteur[15] ; compteur[21] ; clk        ; clk      ; None                        ; None                      ; 3.064 ns                ;
; N/A                                     ; 306.47 MHz ( period = 3.263 ns )                    ; compteur[4]  ; compteur[20] ; clk        ; clk      ; None                        ; None                      ; 3.062 ns                ;
; N/A                                     ; 306.75 MHz ( period = 3.260 ns )                    ; compteur[15] ; compteur[20] ; clk        ; clk      ; None                        ; None                      ; 3.059 ns                ;
; N/A                                     ; 306.75 MHz ( period = 3.260 ns )                    ; compteur[5]  ; compteur[19] ; clk        ; clk      ; None                        ; None                      ; 3.059 ns                ;
; N/A                                     ; 306.84 MHz ( period = 3.259 ns )                    ; compteur[15] ; compteur[22] ; clk        ; clk      ; None                        ; None                      ; 3.058 ns                ;
; N/A                                     ; 307.13 MHz ( period = 3.256 ns )                    ; compteur[11] ; compteur[22] ; clk        ; clk      ; None                        ; None                      ; 3.045 ns                ;
; N/A                                     ; 307.41 MHz ( period = 3.253 ns )                    ; compteur[5]  ; compteur[28] ; clk        ; clk      ; None                        ; None                      ; 3.050 ns                ;
; N/A                                     ; 307.41 MHz ( period = 3.253 ns )                    ; compteur[3]  ; compteur[26] ; clk        ; clk      ; None                        ; None                      ; 3.050 ns                ;
; N/A                                     ; 307.69 MHz ( period = 3.250 ns )                    ; compteur[13] ; compteur[31] ; clk        ; clk      ; None                        ; None                      ; 3.037 ns                ;
; N/A                                     ; 307.98 MHz ( period = 3.247 ns )                    ; compteur[31] ; compteur[18] ; clk        ; clk      ; None                        ; None                      ; 3.035 ns                ;
; N/A                                     ; 307.98 MHz ( period = 3.247 ns )                    ; compteur[27] ; compteur[18] ; clk        ; clk      ; None                        ; None                      ; 3.035 ns                ;
; N/A                                     ; 308.17 MHz ( period = 3.245 ns )                    ; compteur[10] ; compteur[24] ; clk        ; clk      ; None                        ; None                      ; 3.041 ns                ;
; N/A                                     ; 308.17 MHz ( period = 3.245 ns )                    ; compteur[5]  ; compteur[21] ; clk        ; clk      ; None                        ; None                      ; 3.044 ns                ;
; N/A                                     ; 308.55 MHz ( period = 3.241 ns )                    ; compteur[31] ; compteur[19] ; clk        ; clk      ; None                        ; None                      ; 3.029 ns                ;
; N/A                                     ; 308.55 MHz ( period = 3.241 ns )                    ; compteur[27] ; compteur[19] ; clk        ; clk      ; None                        ; None                      ; 3.029 ns                ;
; N/A                                     ; 308.64 MHz ( period = 3.240 ns )                    ; compteur[0]  ; compteur[12] ; clk        ; clk      ; None                        ; None                      ; 3.036 ns                ;
; N/A                                     ; 309.12 MHz ( period = 3.235 ns )                    ; compteur[2]  ; compteur[6]  ; clk        ; clk      ; None                        ; None                      ; 3.034 ns                ;
; N/A                                     ; 310.08 MHz ( period = 3.225 ns )                    ; compteur[7]  ; compteur[30] ; clk        ; clk      ; None                        ; None                      ; 3.022 ns                ;
; N/A                                     ; 310.27 MHz ( period = 3.223 ns )                    ; compteur[26] ; compteur[18] ; clk        ; clk      ; None                        ; None                      ; 3.011 ns                ;
; N/A                                     ; 310.46 MHz ( period = 3.221 ns )                    ; compteur[12] ; compteur[29] ; clk        ; clk      ; None                        ; None                      ; 3.008 ns                ;
; N/A                                     ; 310.46 MHz ( period = 3.221 ns )                    ; compteur[4]  ; compteur[27] ; clk        ; clk      ; None                        ; None                      ; 3.018 ns                ;
; N/A                                     ; 310.46 MHz ( period = 3.221 ns )                    ; compteur[2]  ; compteur[25] ; clk        ; clk      ; None                        ; None                      ; 3.018 ns                ;
; N/A                                     ; 310.56 MHz ( period = 3.220 ns )                    ; compteur[13] ; compteur[14] ; clk        ; clk      ; None                        ; None                      ; 3.006 ns                ;
; N/A                                     ; 310.66 MHz ( period = 3.219 ns )                    ; compteur[14] ; compteur[31] ; clk        ; clk      ; None                        ; None                      ; 3.006 ns                ;
; N/A                                     ; 310.85 MHz ( period = 3.217 ns )                    ; compteur[26] ; compteur[19] ; clk        ; clk      ; None                        ; None                      ; 3.005 ns                ;
; N/A                                     ; 311.33 MHz ( period = 3.212 ns )                    ; compteur[2]  ; compteur[16] ; clk        ; clk      ; None                        ; None                      ; 3.008 ns                ;
; N/A                                     ; 311.62 MHz ( period = 3.209 ns )                    ; compteur[12] ; compteur[22] ; clk        ; clk      ; None                        ; None                      ; 2.998 ns                ;
; N/A                                     ; 312.11 MHz ( period = 3.204 ns )                    ; compteur[11] ; compteur[19] ; clk        ; clk      ; None                        ; None                      ; 2.993 ns                ;
; N/A                                     ; 312.50 MHz ( period = 3.200 ns )                    ; compteur[4]  ; compteur[18] ; clk        ; clk      ; None                        ; None                      ; 2.999 ns                ;
; N/A                                     ; 312.79 MHz ( period = 3.197 ns )                    ; compteur[11] ; compteur[28] ; clk        ; clk      ; None                        ; None                      ; 2.984 ns                ;
; N/A                                     ; 312.89 MHz ( period = 3.196 ns )                    ; compteur[8]  ; compteur[19] ; clk        ; clk      ; None                        ; None                      ; 2.995 ns                ;
; N/A                                     ; 313.19 MHz ( period = 3.193 ns )                    ; compteur[10] ; compteur[19] ; clk        ; clk      ; None                        ; None                      ; 2.992 ns                ;
; N/A                                     ; 313.28 MHz ( period = 3.192 ns )                    ; compteur[8]  ; compteur[18] ; clk        ; clk      ; None                        ; None                      ; 2.991 ns                ;
; N/A                                     ; 313.58 MHz ( period = 3.189 ns )                    ; compteur[11] ; compteur[21] ; clk        ; clk      ; None                        ; None                      ; 2.978 ns                ;
; N/A                                     ; 313.58 MHz ( period = 3.189 ns )                    ; compteur[10] ; compteur[18] ; clk        ; clk      ; None                        ; None                      ; 2.988 ns                ;
; N/A                                     ; 314.27 MHz ( period = 3.182 ns )                    ; compteur[5]  ; compteur[27] ; clk        ; clk      ; None                        ; None                      ; 2.979 ns                ;
; N/A                                     ; 314.27 MHz ( period = 3.182 ns )                    ; compteur[3]  ; compteur[25] ; clk        ; clk      ; None                        ; None                      ; 2.979 ns                ;
; N/A                                     ; 314.56 MHz ( period = 3.179 ns )                    ; compteur[13] ; compteur[30] ; clk        ; clk      ; None                        ; None                      ; 2.966 ns                ;
; N/A                                     ; 314.76 MHz ( period = 3.177 ns )                    ; compteur[5]  ; compteur[20] ; clk        ; clk      ; None                        ; None                      ; 2.976 ns                ;
; N/A                                     ; 315.06 MHz ( period = 3.174 ns )                    ; compteur[1]  ; compteur[12] ; clk        ; clk      ; None                        ; None                      ; 2.970 ns                ;
; N/A                                     ; 315.16 MHz ( period = 3.173 ns )                    ; compteur[3]  ; compteur[16] ; clk        ; clk      ; None                        ; None                      ; 2.969 ns                ;
; N/A                                     ; 315.26 MHz ( period = 3.172 ns )                    ; compteur[12] ; compteur[6]  ; clk        ; clk      ; None                        ; None                      ; 2.961 ns                ;
; N/A                                     ; 315.36 MHz ( period = 3.171 ns )                    ; compteur[12] ; compteur[21] ; clk        ; clk      ; None                        ; None                      ; 2.960 ns                ;
; N/A                                     ; 315.66 MHz ( period = 3.168 ns )                    ; compteur[4]  ; compteur[13] ; clk        ; clk      ; None                        ; None                      ; 2.964 ns                ;
; N/A                                     ; 315.86 MHz ( period = 3.166 ns )                    ; compteur[12] ; compteur[20] ; clk        ; clk      ; None                        ; None                      ; 2.955 ns                ;
; N/A                                     ; 315.96 MHz ( period = 3.165 ns )                    ; compteur[8]  ; compteur[31] ; clk        ; clk      ; None                        ; None                      ; 2.962 ns                ;
; N/A                                     ; 316.36 MHz ( period = 3.161 ns )                    ; compteur[5]  ; compteur[18] ; clk        ; clk      ; None                        ; None                      ; 2.960 ns                ;
; N/A                                     ; 316.76 MHz ( period = 3.157 ns )                    ; compteur[12] ; compteur[19] ; clk        ; clk      ; None                        ; None                      ; 2.946 ns                ;
; N/A                                     ; 317.06 MHz ( period = 3.154 ns )                    ; compteur[7]  ; compteur[29] ; clk        ; clk      ; None                        ; None                      ; 2.951 ns                ;
; N/A                                     ; 317.16 MHz ( period = 3.153 ns )                    ; compteur[6]  ; compteur[23] ; clk        ; clk      ; None                        ; None                      ; 2.937 ns                ;
; N/A                                     ; 317.36 MHz ( period = 3.151 ns )                    ; compteur[23] ; compteur[20] ; clk        ; clk      ; None                        ; None                      ; 2.939 ns                ;
; N/A                                     ; 317.46 MHz ( period = 3.150 ns )                    ; compteur[12] ; compteur[28] ; clk        ; clk      ; None                        ; None                      ; 2.937 ns                ;
; N/A                                     ; 317.46 MHz ( period = 3.150 ns )                    ; compteur[4]  ; compteur[26] ; clk        ; clk      ; None                        ; None                      ; 2.947 ns                ;
; N/A                                     ; 317.46 MHz ( period = 3.150 ns )                    ; compteur[23] ; compteur[22] ; clk        ; clk      ; None                        ; None                      ; 2.938 ns                ;
; N/A                                     ; 317.66 MHz ( period = 3.148 ns )                    ; compteur[14] ; compteur[30] ; clk        ; clk      ; None                        ; None                      ; 2.935 ns                ;
; N/A                                     ; 318.07 MHz ( period = 3.144 ns )                    ; compteur[23] ; compteur[21] ; clk        ; clk      ; None                        ; None                      ; 2.932 ns                ;
; N/A                                     ; 318.27 MHz ( period = 3.142 ns )                    ; compteur[7]  ; compteur[19] ; clk        ; clk      ; None                        ; None                      ; 2.941 ns                ;
; N/A                                     ; 318.47 MHz ( period = 3.140 ns )                    ; compteur[23] ; compteur[6]  ; clk        ; clk      ; None                        ; None                      ; 2.928 ns                ;
; N/A                                     ; 318.47 MHz ( period = 3.140 ns )                    ; compteur[28] ; compteur[20] ; clk        ; clk      ; None                        ; None                      ; 2.928 ns                ;
; N/A                                     ; 318.57 MHz ( period = 3.139 ns )                    ; compteur[28] ; compteur[22] ; clk        ; clk      ; None                        ; None                      ; 2.927 ns                ;
; N/A                                     ; 318.67 MHz ( period = 3.138 ns )                    ; compteur[7]  ; compteur[18] ; clk        ; clk      ; None                        ; None                      ; 2.937 ns                ;
; N/A                                     ; 318.98 MHz ( period = 3.135 ns )                    ; compteur[8]  ; compteur[14] ; clk        ; clk      ; None                        ; None                      ; 2.931 ns                ;
; N/A                                     ; 319.18 MHz ( period = 3.133 ns )                    ; compteur[28] ; compteur[21] ; clk        ; clk      ; None                        ; None                      ; 2.921 ns                ;
; N/A                                     ; 319.59 MHz ( period = 3.129 ns )                    ; compteur[28] ; compteur[6]  ; clk        ; clk      ; None                        ; None                      ; 2.917 ns                ;
; N/A                                     ; 319.59 MHz ( period = 3.129 ns )                    ; compteur[5]  ; compteur[13] ; clk        ; clk      ; None                        ; None                      ; 2.925 ns                ;
; N/A                                     ; 319.90 MHz ( period = 3.126 ns )                    ; compteur[11] ; compteur[27] ; clk        ; clk      ; None                        ; None                      ; 2.913 ns                ;
; N/A                                     ; 320.00 MHz ( period = 3.125 ns )                    ; compteur[1]  ; var_temp     ; clk        ; clk      ; None                        ; None                      ; 2.921 ns                ;
; N/A                                     ; 320.31 MHz ( period = 3.122 ns )                    ; compteur[0]  ; compteur[23] ; clk        ; clk      ; None                        ; None                      ; 2.919 ns                ;
; N/A                                     ; 320.41 MHz ( period = 3.121 ns )                    ; compteur[3]  ; compteur[6]  ; clk        ; clk      ; None                        ; None                      ; 2.920 ns                ;
; N/A                                     ; 320.41 MHz ( period = 3.121 ns )                    ; compteur[11] ; compteur[20] ; clk        ; clk      ; None                        ; None                      ; 2.910 ns                ;
; N/A                                     ; 320.41 MHz ( period = 3.121 ns )                    ; compteur[20] ; compteur[18] ; clk        ; clk      ; None                        ; None                      ; 2.907 ns                ;
; N/A                                     ; 321.03 MHz ( period = 3.115 ns )                    ; compteur[20] ; compteur[19] ; clk        ; clk      ; None                        ; None                      ; 2.901 ns                ;
; N/A                                     ; 321.44 MHz ( period = 3.111 ns )                    ; compteur[5]  ; compteur[26] ; clk        ; clk      ; None                        ; None                      ; 2.908 ns                ;
; Timing analysis restricted to 200 rows. ; To change the limit use Settings (Assignments menu) ;              ;              ;            ;          ;                             ;                           ;                         ;
+-----------------------------------------+-----------------------------------------------------+--------------+--------------+------------+----------+-----------------------------+---------------------------+-------------------------+


+---------------------------------------------------------------------+
; tco                                                                 ;
+-------+--------------+------------+----------+---------+------------+
; Slack ; Required tco ; Actual tco ; From     ; To      ; From Clock ;
+-------+--------------+------------+----------+---------+------------+
; N/A   ; None         ; 6.988 ns   ; var_temp ; clk_out ; clk        ;
+-------+--------------+------------+----------+---------+------------+


+--------------------------+
; Timing Analyzer Messages ;
+--------------------------+
Info: *******************************************************************
Info: Running Quartus II Classic Timing Analyzer
    Info: Version 9.0 Build 235 06/17/2009 Service Pack 2 SJ Web Edition
    Info: Processing started: Tue Sep 07 08:42:53 2021
Info: Command: quartus_tan --read_settings_files=off --write_settings_files=off div_freq -c div_freq --timing_analysis_only
Warning: Found pins functioning as undefined clocks and/or memory enables
    Info: Assuming node "clk" is an undefined clock
Info: Clock "clk" has Internal fmax of 248.08 MHz between source register "compteur[6]" and destination register "compteur[24]" (period= 4.031 ns)
    Info: + Longest register to register delay is 3.814 ns
        Info: 1: + IC(0.000 ns) + CELL(0.000 ns) = 0.000 ns; Loc. = LCFF_X18_Y9_N1; Fanout = 3; REG Node = 'compteur[6]'
        Info: 2: + IC(0.730 ns) + CELL(0.414 ns) = 1.144 ns; Loc. = LCCOMB_X17_Y10_N12; Fanout = 2; COMB Node = 'Add0~13'
        Info: 3: + IC(0.000 ns) + CELL(0.159 ns) = 1.303 ns; Loc. = LCCOMB_X17_Y10_N14; Fanout = 2; COMB Node = 'Add0~15'
        Info: 4: + IC(0.000 ns) + CELL(0.071 ns) = 1.374 ns; Loc. = LCCOMB_X17_Y10_N16; Fanout = 2; COMB Node = 'Add0~17'
        Info: 5: + IC(0.000 ns) + CELL(0.071 ns) = 1.445 ns; Loc. = LCCOMB_X17_Y10_N18; Fanout = 2; COMB Node = 'Add0~19'
        Info: 6: + IC(0.000 ns) + CELL(0.071 ns) = 1.516 ns; Loc. = LCCOMB_X17_Y10_N20; Fanout = 2; COMB Node = 'Add0~21'
        Info: 7: + IC(0.000 ns) + CELL(0.071 ns) = 1.587 ns; Loc. = LCCOMB_X17_Y10_N22; Fanout = 2; COMB Node = 'Add0~23'
        Info: 8: + IC(0.000 ns) + CELL(0.071 ns) = 1.658 ns; Loc. = LCCOMB_X17_Y10_N24; Fanout = 2; COMB Node = 'Add0~25'
        Info: 9: + IC(0.000 ns) + CELL(0.071 ns) = 1.729 ns; Loc. = LCCOMB_X17_Y10_N26; Fanout = 2; COMB Node = 'Add0~27'
        Info: 10: + IC(0.000 ns) + CELL(0.071 ns) = 1.800 ns; Loc. = LCCOMB_X17_Y10_N28; Fanout = 2; COMB Node = 'Add0~29'
        Info: 11: + IC(0.000 ns) + CELL(0.146 ns) = 1.946 ns; Loc. = LCCOMB_X17_Y10_N30; Fanout = 2; COMB Node = 'Add0~31'
        Info: 12: + IC(0.000 ns) + CELL(0.071 ns) = 2.017 ns; Loc. = LCCOMB_X17_Y9_N0; Fanout = 2; COMB Node = 'Add0~33'
        Info: 13: + IC(0.000 ns) + CELL(0.071 ns) = 2.088 ns; Loc. = LCCOMB_X17_Y9_N2; Fanout = 2; COMB Node = 'Add0~35'
        Info: 14: + IC(0.000 ns) + CELL(0.071 ns) = 2.159 ns; Loc. = LCCOMB_X17_Y9_N4; Fanout = 2; COMB Node = 'Add0~37'
        Info: 15: + IC(0.000 ns) + CELL(0.071 ns) = 2.230 ns; Loc. = LCCOMB_X17_Y9_N6; Fanout = 2; COMB Node = 'Add0~39'
        Info: 16: + IC(0.000 ns) + CELL(0.071 ns) = 2.301 ns; Loc. = LCCOMB_X17_Y9_N8; Fanout = 2; COMB Node = 'Add0~41'
        Info: 17: + IC(0.000 ns) + CELL(0.071 ns) = 2.372 ns; Loc. = LCCOMB_X17_Y9_N10; Fanout = 2; COMB Node = 'Add0~43'
        Info: 18: + IC(0.000 ns) + CELL(0.071 ns) = 2.443 ns; Loc. = LCCOMB_X17_Y9_N12; Fanout = 2; COMB Node = 'Add0~45'
        Info: 19: + IC(0.000 ns) + CELL(0.159 ns) = 2.602 ns; Loc. = LCCOMB_X17_Y9_N14; Fanout = 2; COMB Node = 'Add0~47'
        Info: 20: + IC(0.000 ns) + CELL(0.410 ns) = 3.012 ns; Loc. = LCCOMB_X17_Y9_N16; Fanout = 1; COMB Node = 'Add0~48'
        Info: 21: + IC(0.443 ns) + CELL(0.275 ns) = 3.730 ns; Loc. = LCCOMB_X16_Y9_N24; Fanout = 1; COMB Node = 'compteur~43'
        Info: 22: + IC(0.000 ns) + CELL(0.084 ns) = 3.814 ns; Loc. = LCFF_X16_Y9_N25; Fanout = 3; REG Node = 'compteur[24]'
        Info: Total cell delay = 2.641 ns ( 69.24 % )
        Info: Total interconnect delay = 1.173 ns ( 30.76 % )
    Info: - Smallest clock skew is -0.003 ns
        Info: + Shortest clock path from clock "clk" to destination register is 2.651 ns
            Info: 1: + IC(0.000 ns) + CELL(0.999 ns) = 0.999 ns; Loc. = PIN_P2; Fanout = 1; CLK Node = 'clk'
            Info: 2: + IC(0.118 ns) + CELL(0.000 ns) = 1.117 ns; Loc. = CLKCTRL_G3; Fanout = 33; COMB Node = 'clk~clkctrl'
            Info: 3: + IC(0.997 ns) + CELL(0.537 ns) = 2.651 ns; Loc. = LCFF_X16_Y9_N25; Fanout = 3; REG Node = 'compteur[24]'
            Info: Total cell delay = 1.536 ns ( 57.94 % )
            Info: Total interconnect delay = 1.115 ns ( 42.06 % )
        Info: - Longest clock path from clock "clk" to source register is 2.654 ns
            Info: 1: + IC(0.000 ns) + CELL(0.999 ns) = 0.999 ns; Loc. = PIN_P2; Fanout = 1; CLK Node = 'clk'
            Info: 2: + IC(0.118 ns) + CELL(0.000 ns) = 1.117 ns; Loc. = CLKCTRL_G3; Fanout = 33; COMB Node = 'clk~clkctrl'
            Info: 3: + IC(1.000 ns) + CELL(0.537 ns) = 2.654 ns; Loc. = LCFF_X18_Y9_N1; Fanout = 3; REG Node = 'compteur[6]'
            Info: Total cell delay = 1.536 ns ( 57.87 % )
            Info: Total interconnect delay = 1.118 ns ( 42.13 % )
    Info: + Micro clock to output delay of source is 0.250 ns
    Info: + Micro setup delay of destination is -0.036 ns
Info: tco from clock "clk" to destination pin "clk_out" through register "var_temp" is 6.988 ns
    Info: + Longest clock path from clock "clk" to source register is 2.651 ns
        Info: 1: + IC(0.000 ns) + CELL(0.999 ns) = 0.999 ns; Loc. = PIN_P2; Fanout = 1; CLK Node = 'clk'
        Info: 2: + IC(0.118 ns) + CELL(0.000 ns) = 1.117 ns; Loc. = CLKCTRL_G3; Fanout = 33; COMB Node = 'clk~clkctrl'
        Info: 3: + IC(0.997 ns) + CELL(0.537 ns) = 2.651 ns; Loc. = LCFF_X16_Y9_N1; Fanout = 2; REG Node = 'var_temp'
        Info: Total cell delay = 1.536 ns ( 57.94 % )
        Info: Total interconnect delay = 1.115 ns ( 42.06 % )
    Info: + Micro clock to output delay of source is 0.250 ns
    Info: + Longest register to pin delay is 4.087 ns
        Info: 1: + IC(0.000 ns) + CELL(0.000 ns) = 0.000 ns; Loc. = LCFF_X16_Y9_N1; Fanout = 2; REG Node = 'var_temp'
        Info: 2: + IC(1.435 ns) + CELL(2.652 ns) = 4.087 ns; Loc. = PIN_Y1; Fanout = 0; PIN Node = 'clk_out'
        Info: Total cell delay = 2.652 ns ( 64.89 % )
        Info: Total interconnect delay = 1.435 ns ( 35.11 % )
Info: Quartus II Classic Timing Analyzer was successful. 0 errors, 1 warning
    Info: Peak virtual memory: 173 megabytes
    Info: Processing ended: Tue Sep 07 08:42:53 2021
    Info: Elapsed time: 00:00:00
    Info: Total CPU time (on all processors): 00:00:00


