Classic Timing Analyzer report for gestion_boutons_poussoirs
Fri Jan 07 19:40:47 2022
Quartus II Version 9.1 Build 350 03/24/2010 Service Pack 2 SJ Web Edition


---------------------
; Table of Contents ;
---------------------
  1. Legal Notice
  2. Timing Analyzer Summary
  3. Timing Analyzer Settings
  4. Clock Settings Summary
  5. Parallel Compilation
  6. Clock Setup: 'clk'
  7. tsu
  8. tco
  9. th
 10. Timing Analyzer Messages



----------------
; Legal Notice ;
----------------
Copyright (C) 1991-2010 Altera Corporation
Your use of Altera Corporation's design tools, logic functions 
and other software and tools, and its AMPP partner logic 
functions, and any output files from any of the foregoing 
(including device programming or simulation files), and any 
associated documentation or information are expressly subject 
to the terms and conditions of the Altera Program License 
Subscription Agreement, Altera MegaCore Function License 
Agreement, or other applicable license agreement, including, 
without limitation, that your use is for the sole purpose of 
programming logic devices manufactured by Altera and sold by 
Altera or its authorized distributors.  Please refer to the 
applicable agreement for further details.



+--------------------------------------------------------------------------------------------------------------------------------------------------------------------------------------------+
; Timing Analyzer Summary                                                                                                                                                                    ;
+------------------------------+-------+---------------+----------------------------------+--------------------------+--------------------------------+------------+----------+--------------+
; Type                         ; Slack ; Required Time ; Actual Time                      ; From                     ; To                             ; From Clock ; To Clock ; Failed Paths ;
+------------------------------+-------+---------------+----------------------------------+--------------------------+--------------------------------+------------+----------+--------------+
; Worst-case tsu               ; N/A   ; None          ; -0.327 ns                        ; code[1]                  ; mae_bip:MAE|etat_present.etat0 ; --         ; clk      ; 0            ;
; Worst-case tco               ; N/A   ; None          ; 7.192 ns                         ; generateur_bip:gene|ibip ; out_bip                        ; clk        ; --       ; 0            ;
; Worst-case th                ; N/A   ; None          ; 0.744 ns                         ; code[0]                  ; mae_bip:MAE|etat_present.etat1 ; --         ; clk      ; 0            ;
; Clock Setup: 'clk'           ; N/A   ; None          ; 368.05 MHz ( period = 2.717 ns ) ; cpt:compteur|nombre[3]   ; mae_bip:MAE|etat_present.etat0 ; clk        ; clk      ; 0            ;
; Total number of failed paths ;       ;               ;                                  ;                          ;                                ;            ;          ; 0            ;
+------------------------------+-------+---------------+----------------------------------+--------------------------+--------------------------------+------------+----------+--------------+


+-----------------------------------------------------------------------------------------------------------------------------------------------------+
; Timing Analyzer Settings                                                                                                                            ;
+------------------------------------------------------------------------------------------------------+--------------------+------+----+-------------+
; Option                                                                                               ; Setting            ; From ; To ; Entity Name ;
+------------------------------------------------------------------------------------------------------+--------------------+------+----+-------------+
; Device Name                                                                                          ; EP2C35F672C6       ;      ;    ;             ;
; Timing Models                                                                                        ; Final              ;      ;    ;             ;
; Default hold multicycle                                                                              ; Same as Multicycle ;      ;    ;             ;
; Cut paths between unrelated clock domains                                                            ; On                 ;      ;    ;             ;
; Cut off read during write signal paths                                                               ; On                 ;      ;    ;             ;
; Cut off feedback from I/O pins                                                                       ; On                 ;      ;    ;             ;
; Report Combined Fast/Slow Timing                                                                     ; Off                ;      ;    ;             ;
; Ignore Clock Settings                                                                                ; Off                ;      ;    ;             ;
; Analyze latches as synchronous elements                                                              ; On                 ;      ;    ;             ;
; Enable Recovery/Removal analysis                                                                     ; Off                ;      ;    ;             ;
; Enable Clock Latency                                                                                 ; Off                ;      ;    ;             ;
; Use TimeQuest Timing Analyzer                                                                        ; Off                ;      ;    ;             ;
; Minimum Core Junction Temperature                                                                    ; 0                  ;      ;    ;             ;
; Maximum Core Junction Temperature                                                                    ; 85                 ;      ;    ;             ;
; Number of source nodes to report per destination node                                                ; 10                 ;      ;    ;             ;
; Number of destination nodes to report                                                                ; 10                 ;      ;    ;             ;
; Number of paths to report                                                                            ; 200                ;      ;    ;             ;
; Report Minimum Timing Checks                                                                         ; Off                ;      ;    ;             ;
; Use Fast Timing Models                                                                               ; Off                ;      ;    ;             ;
; Report IO Paths Separately                                                                           ; Off                ;      ;    ;             ;
; Perform Multicorner Analysis                                                                         ; On                 ;      ;    ;             ;
; Reports the worst-case path for each clock domain and analysis                                       ; Off                ;      ;    ;             ;
; Reports worst-case timing paths for each clock domain and analysis                                   ; On                 ;      ;    ;             ;
; Specifies the maximum number of worst-case timing paths to report for each clock domain and analysis ; 100                ;      ;    ;             ;
; Removes common clock path pessimism (CCPP) during slack computation                                  ; Off                ;      ;    ;             ;
; Output I/O Timing Endpoint                                                                           ; Near End           ;      ;    ;             ;
+------------------------------------------------------------------------------------------------------+--------------------+------+----+-------------+


+------------------------------------------------------------------------------------------------------------------------------------------------------------------------------------+
; Clock Settings Summary                                                                                                                                                             ;
+-----------------+--------------------+----------+------------------+---------------+--------------+----------+-----------------------+---------------------+--------+--------------+
; Clock Node Name ; Clock Setting Name ; Type     ; Fmax Requirement ; Early Latency ; Late Latency ; Based on ; Multiply Base Fmax by ; Divide Base Fmax by ; Offset ; Phase offset ;
+-----------------+--------------------+----------+------------------+---------------+--------------+----------+-----------------------+---------------------+--------+--------------+
; clk             ;                    ; User Pin ; None             ; 0.000 ns      ; 0.000 ns     ; --       ; N/A                   ; N/A                 ; N/A    ;              ;
+-----------------+--------------------+----------+------------------+---------------+--------------+----------+-----------------------+---------------------+--------+--------------+


Parallel compilation was disabled, but you have multiple processors available. Enable parallel compilation to reduce compilation time.
+-------------------------------------+
; Parallel Compilation                ;
+----------------------------+--------+
; Processors                 ; Number ;
+----------------------------+--------+
; Number detected on machine ; 12     ;
; Maximum allowed            ; 1      ;
+----------------------------+--------+


+--------------------------------------------------------------------------------------------------------------------------------------------------------------------------------------------------------------------------------------+
; Clock Setup: 'clk'                                                                                                                                                                                                                   ;
+-------+------------------------------------------------+--------------------------------+--------------------------------+------------+----------+-----------------------------+---------------------------+-------------------------+
; Slack ; Actual fmax (period)                           ; From                           ; To                             ; From Clock ; To Clock ; Required Setup Relationship ; Required Longest P2P Time ; Actual Longest P2P Time ;
+-------+------------------------------------------------+--------------------------------+--------------------------------+------------+----------+-----------------------------+---------------------------+-------------------------+
; N/A   ; 368.05 MHz ( period = 2.717 ns )               ; cpt:compteur|nombre[3]         ; mae_bip:MAE|etat_present.etat0 ; clk        ; clk      ; None                        ; None                      ; 2.503 ns                ;
; N/A   ; 376.08 MHz ( period = 2.659 ns )               ; cpt:compteur|nombre[2]         ; mae_bip:MAE|etat_present.etat0 ; clk        ; clk      ; None                        ; None                      ; 2.445 ns                ;
; N/A   ; 377.22 MHz ( period = 2.651 ns )               ; cpt:compteur|nombre[1]         ; cpt:compteur|nombre[1]         ; clk        ; clk      ; None                        ; None                      ; 2.437 ns                ;
; N/A   ; 377.22 MHz ( period = 2.651 ns )               ; cpt:compteur|nombre[1]         ; cpt:compteur|nombre[8]         ; clk        ; clk      ; None                        ; None                      ; 2.437 ns                ;
; N/A   ; 377.22 MHz ( period = 2.651 ns )               ; cpt:compteur|nombre[1]         ; cpt:compteur|nombre[0]         ; clk        ; clk      ; None                        ; None                      ; 2.437 ns                ;
; N/A   ; 377.22 MHz ( period = 2.651 ns )               ; cpt:compteur|nombre[1]         ; cpt:compteur|nombre[4]         ; clk        ; clk      ; None                        ; None                      ; 2.437 ns                ;
; N/A   ; 377.22 MHz ( period = 2.651 ns )               ; cpt:compteur|nombre[1]         ; cpt:compteur|nombre[5]         ; clk        ; clk      ; None                        ; None                      ; 2.437 ns                ;
; N/A   ; 377.22 MHz ( period = 2.651 ns )               ; cpt:compteur|nombre[1]         ; cpt:compteur|nombre[6]         ; clk        ; clk      ; None                        ; None                      ; 2.437 ns                ;
; N/A   ; 377.22 MHz ( period = 2.651 ns )               ; cpt:compteur|nombre[1]         ; cpt:compteur|nombre[3]         ; clk        ; clk      ; None                        ; None                      ; 2.437 ns                ;
; N/A   ; 377.22 MHz ( period = 2.651 ns )               ; cpt:compteur|nombre[1]         ; cpt:compteur|nombre[2]         ; clk        ; clk      ; None                        ; None                      ; 2.437 ns                ;
; N/A   ; 377.22 MHz ( period = 2.651 ns )               ; cpt:compteur|nombre[1]         ; cpt:compteur|nombre[7]         ; clk        ; clk      ; None                        ; None                      ; 2.437 ns                ;
; N/A   ; 383.14 MHz ( period = 2.610 ns )               ; cpt:compteur|nombre[4]         ; cpt:compteur|nombre[1]         ; clk        ; clk      ; None                        ; None                      ; 2.396 ns                ;
; N/A   ; 383.14 MHz ( period = 2.610 ns )               ; cpt:compteur|nombre[4]         ; cpt:compteur|nombre[8]         ; clk        ; clk      ; None                        ; None                      ; 2.396 ns                ;
; N/A   ; 383.14 MHz ( period = 2.610 ns )               ; cpt:compteur|nombre[4]         ; cpt:compteur|nombre[0]         ; clk        ; clk      ; None                        ; None                      ; 2.396 ns                ;
; N/A   ; 383.14 MHz ( period = 2.610 ns )               ; cpt:compteur|nombre[4]         ; cpt:compteur|nombre[4]         ; clk        ; clk      ; None                        ; None                      ; 2.396 ns                ;
; N/A   ; 383.14 MHz ( period = 2.610 ns )               ; cpt:compteur|nombre[4]         ; cpt:compteur|nombre[5]         ; clk        ; clk      ; None                        ; None                      ; 2.396 ns                ;
; N/A   ; 383.14 MHz ( period = 2.610 ns )               ; cpt:compteur|nombre[4]         ; cpt:compteur|nombre[6]         ; clk        ; clk      ; None                        ; None                      ; 2.396 ns                ;
; N/A   ; 383.14 MHz ( period = 2.610 ns )               ; cpt:compteur|nombre[4]         ; cpt:compteur|nombre[3]         ; clk        ; clk      ; None                        ; None                      ; 2.396 ns                ;
; N/A   ; 383.14 MHz ( period = 2.610 ns )               ; cpt:compteur|nombre[4]         ; cpt:compteur|nombre[2]         ; clk        ; clk      ; None                        ; None                      ; 2.396 ns                ;
; N/A   ; 383.14 MHz ( period = 2.610 ns )               ; cpt:compteur|nombre[4]         ; cpt:compteur|nombre[7]         ; clk        ; clk      ; None                        ; None                      ; 2.396 ns                ;
; N/A   ; 387.60 MHz ( period = 2.580 ns )               ; cpt:compteur|nombre[7]         ; mae_bip:MAE|etat_present.etat0 ; clk        ; clk      ; None                        ; None                      ; 2.366 ns                ;
; N/A   ; 402.41 MHz ( period = 2.485 ns )               ; cpt:compteur|nombre[3]         ; cpt:compteur|nombre[1]         ; clk        ; clk      ; None                        ; None                      ; 2.271 ns                ;
; N/A   ; 402.41 MHz ( period = 2.485 ns )               ; cpt:compteur|nombre[3]         ; cpt:compteur|nombre[8]         ; clk        ; clk      ; None                        ; None                      ; 2.271 ns                ;
; N/A   ; 402.41 MHz ( period = 2.485 ns )               ; cpt:compteur|nombre[3]         ; cpt:compteur|nombre[0]         ; clk        ; clk      ; None                        ; None                      ; 2.271 ns                ;
; N/A   ; 402.41 MHz ( period = 2.485 ns )               ; cpt:compteur|nombre[3]         ; cpt:compteur|nombre[4]         ; clk        ; clk      ; None                        ; None                      ; 2.271 ns                ;
; N/A   ; 402.41 MHz ( period = 2.485 ns )               ; cpt:compteur|nombre[3]         ; cpt:compteur|nombre[5]         ; clk        ; clk      ; None                        ; None                      ; 2.271 ns                ;
; N/A   ; 402.41 MHz ( period = 2.485 ns )               ; cpt:compteur|nombre[3]         ; cpt:compteur|nombre[6]         ; clk        ; clk      ; None                        ; None                      ; 2.271 ns                ;
; N/A   ; 402.41 MHz ( period = 2.485 ns )               ; cpt:compteur|nombre[3]         ; cpt:compteur|nombre[3]         ; clk        ; clk      ; None                        ; None                      ; 2.271 ns                ;
; N/A   ; 402.41 MHz ( period = 2.485 ns )               ; cpt:compteur|nombre[3]         ; cpt:compteur|nombre[2]         ; clk        ; clk      ; None                        ; None                      ; 2.271 ns                ;
; N/A   ; 402.41 MHz ( period = 2.485 ns )               ; cpt:compteur|nombre[3]         ; cpt:compteur|nombre[7]         ; clk        ; clk      ; None                        ; None                      ; 2.271 ns                ;
; N/A   ; 404.04 MHz ( period = 2.475 ns )               ; cpt:compteur|nombre[5]         ; cpt:compteur|nombre[1]         ; clk        ; clk      ; None                        ; None                      ; 2.261 ns                ;
; N/A   ; 404.04 MHz ( period = 2.475 ns )               ; cpt:compteur|nombre[5]         ; cpt:compteur|nombre[8]         ; clk        ; clk      ; None                        ; None                      ; 2.261 ns                ;
; N/A   ; 404.04 MHz ( period = 2.475 ns )               ; cpt:compteur|nombre[5]         ; cpt:compteur|nombre[0]         ; clk        ; clk      ; None                        ; None                      ; 2.261 ns                ;
; N/A   ; 404.04 MHz ( period = 2.475 ns )               ; cpt:compteur|nombre[5]         ; cpt:compteur|nombre[4]         ; clk        ; clk      ; None                        ; None                      ; 2.261 ns                ;
; N/A   ; 404.04 MHz ( period = 2.475 ns )               ; cpt:compteur|nombre[5]         ; cpt:compteur|nombre[5]         ; clk        ; clk      ; None                        ; None                      ; 2.261 ns                ;
; N/A   ; 404.04 MHz ( period = 2.475 ns )               ; cpt:compteur|nombre[5]         ; cpt:compteur|nombre[6]         ; clk        ; clk      ; None                        ; None                      ; 2.261 ns                ;
; N/A   ; 404.04 MHz ( period = 2.475 ns )               ; cpt:compteur|nombre[5]         ; cpt:compteur|nombre[3]         ; clk        ; clk      ; None                        ; None                      ; 2.261 ns                ;
; N/A   ; 404.04 MHz ( period = 2.475 ns )               ; cpt:compteur|nombre[5]         ; cpt:compteur|nombre[2]         ; clk        ; clk      ; None                        ; None                      ; 2.261 ns                ;
; N/A   ; 404.04 MHz ( period = 2.475 ns )               ; cpt:compteur|nombre[5]         ; cpt:compteur|nombre[7]         ; clk        ; clk      ; None                        ; None                      ; 2.261 ns                ;
; N/A   ; 409.00 MHz ( period = 2.445 ns )               ; cpt:compteur|nombre[4]         ; mae_bip:MAE|etat_present.etat0 ; clk        ; clk      ; None                        ; None                      ; 2.231 ns                ;
; N/A   ; 409.17 MHz ( period = 2.444 ns )               ; cpt:compteur|nombre[0]         ; mae_bip:MAE|etat_present.etat0 ; clk        ; clk      ; None                        ; None                      ; 2.230 ns                ;
; N/A   ; 414.77 MHz ( period = 2.411 ns )               ; cpt:compteur|nombre[5]         ; mae_bip:MAE|etat_present.etat0 ; clk        ; clk      ; None                        ; None                      ; 2.197 ns                ;
; N/A   ; 415.11 MHz ( period = 2.409 ns )               ; cpt:compteur|nombre[2]         ; cpt:compteur|nombre[1]         ; clk        ; clk      ; None                        ; None                      ; 2.195 ns                ;
; N/A   ; 415.11 MHz ( period = 2.409 ns )               ; cpt:compteur|nombre[2]         ; cpt:compteur|nombre[8]         ; clk        ; clk      ; None                        ; None                      ; 2.195 ns                ;
; N/A   ; 415.11 MHz ( period = 2.409 ns )               ; cpt:compteur|nombre[2]         ; cpt:compteur|nombre[0]         ; clk        ; clk      ; None                        ; None                      ; 2.195 ns                ;
; N/A   ; 415.11 MHz ( period = 2.409 ns )               ; cpt:compteur|nombre[2]         ; cpt:compteur|nombre[4]         ; clk        ; clk      ; None                        ; None                      ; 2.195 ns                ;
; N/A   ; 415.11 MHz ( period = 2.409 ns )               ; cpt:compteur|nombre[2]         ; cpt:compteur|nombre[5]         ; clk        ; clk      ; None                        ; None                      ; 2.195 ns                ;
; N/A   ; 415.11 MHz ( period = 2.409 ns )               ; cpt:compteur|nombre[2]         ; cpt:compteur|nombre[6]         ; clk        ; clk      ; None                        ; None                      ; 2.195 ns                ;
; N/A   ; 415.11 MHz ( period = 2.409 ns )               ; cpt:compteur|nombre[2]         ; cpt:compteur|nombre[3]         ; clk        ; clk      ; None                        ; None                      ; 2.195 ns                ;
; N/A   ; 415.11 MHz ( period = 2.409 ns )               ; cpt:compteur|nombre[2]         ; cpt:compteur|nombre[2]         ; clk        ; clk      ; None                        ; None                      ; 2.195 ns                ;
; N/A   ; 415.11 MHz ( period = 2.409 ns )               ; cpt:compteur|nombre[2]         ; cpt:compteur|nombre[7]         ; clk        ; clk      ; None                        ; None                      ; 2.195 ns                ;
; N/A   ; Restricted to 420.17 MHz ( period = 2.380 ns ) ; cpt:compteur|nombre[6]         ; mae_bip:MAE|etat_present.etat0 ; clk        ; clk      ; None                        ; None                      ; 2.149 ns                ;
; N/A   ; Restricted to 420.17 MHz ( period = 2.380 ns ) ; cpt:compteur|nombre[3]         ; mae_bip:MAE|etat_present.etat1 ; clk        ; clk      ; None                        ; None                      ; 2.145 ns                ;
; N/A   ; Restricted to 420.17 MHz ( period = 2.380 ns ) ; cpt:compteur|nombre[6]         ; cpt:compteur|nombre[1]         ; clk        ; clk      ; None                        ; None                      ; 2.124 ns                ;
; N/A   ; Restricted to 420.17 MHz ( period = 2.380 ns ) ; cpt:compteur|nombre[6]         ; cpt:compteur|nombre[8]         ; clk        ; clk      ; None                        ; None                      ; 2.124 ns                ;
; N/A   ; Restricted to 420.17 MHz ( period = 2.380 ns ) ; cpt:compteur|nombre[6]         ; cpt:compteur|nombre[0]         ; clk        ; clk      ; None                        ; None                      ; 2.124 ns                ;
; N/A   ; Restricted to 420.17 MHz ( period = 2.380 ns ) ; cpt:compteur|nombre[6]         ; cpt:compteur|nombre[4]         ; clk        ; clk      ; None                        ; None                      ; 2.124 ns                ;
; N/A   ; Restricted to 420.17 MHz ( period = 2.380 ns ) ; cpt:compteur|nombre[6]         ; cpt:compteur|nombre[5]         ; clk        ; clk      ; None                        ; None                      ; 2.124 ns                ;
; N/A   ; Restricted to 420.17 MHz ( period = 2.380 ns ) ; cpt:compteur|nombre[6]         ; cpt:compteur|nombre[6]         ; clk        ; clk      ; None                        ; None                      ; 2.124 ns                ;
; N/A   ; Restricted to 420.17 MHz ( period = 2.380 ns ) ; cpt:compteur|nombre[6]         ; cpt:compteur|nombre[3]         ; clk        ; clk      ; None                        ; None                      ; 2.124 ns                ;
; N/A   ; Restricted to 420.17 MHz ( period = 2.380 ns ) ; cpt:compteur|nombre[6]         ; cpt:compteur|nombre[2]         ; clk        ; clk      ; None                        ; None                      ; 2.124 ns                ;
; N/A   ; Restricted to 420.17 MHz ( period = 2.380 ns ) ; cpt:compteur|nombre[6]         ; cpt:compteur|nombre[7]         ; clk        ; clk      ; None                        ; None                      ; 2.124 ns                ;
; N/A   ; Restricted to 420.17 MHz ( period = 2.380 ns ) ; cpt:compteur|nombre[2]         ; mae_bip:MAE|etat_present.etat1 ; clk        ; clk      ; None                        ; None                      ; 2.087 ns                ;
; N/A   ; Restricted to 420.17 MHz ( period = 2.380 ns ) ; cpt:compteur|nombre[0]         ; cpt:compteur|nombre[1]         ; clk        ; clk      ; None                        ; None                      ; 2.065 ns                ;
; N/A   ; Restricted to 420.17 MHz ( period = 2.380 ns ) ; cpt:compteur|nombre[0]         ; cpt:compteur|nombre[8]         ; clk        ; clk      ; None                        ; None                      ; 2.065 ns                ;
; N/A   ; Restricted to 420.17 MHz ( period = 2.380 ns ) ; cpt:compteur|nombre[0]         ; cpt:compteur|nombre[0]         ; clk        ; clk      ; None                        ; None                      ; 2.065 ns                ;
; N/A   ; Restricted to 420.17 MHz ( period = 2.380 ns ) ; cpt:compteur|nombre[0]         ; cpt:compteur|nombre[4]         ; clk        ; clk      ; None                        ; None                      ; 2.065 ns                ;
; N/A   ; Restricted to 420.17 MHz ( period = 2.380 ns ) ; cpt:compteur|nombre[0]         ; cpt:compteur|nombre[5]         ; clk        ; clk      ; None                        ; None                      ; 2.065 ns                ;
; N/A   ; Restricted to 420.17 MHz ( period = 2.380 ns ) ; cpt:compteur|nombre[0]         ; cpt:compteur|nombre[6]         ; clk        ; clk      ; None                        ; None                      ; 2.065 ns                ;
; N/A   ; Restricted to 420.17 MHz ( period = 2.380 ns ) ; cpt:compteur|nombre[0]         ; cpt:compteur|nombre[3]         ; clk        ; clk      ; None                        ; None                      ; 2.065 ns                ;
; N/A   ; Restricted to 420.17 MHz ( period = 2.380 ns ) ; cpt:compteur|nombre[0]         ; cpt:compteur|nombre[2]         ; clk        ; clk      ; None                        ; None                      ; 2.065 ns                ;
; N/A   ; Restricted to 420.17 MHz ( period = 2.380 ns ) ; cpt:compteur|nombre[0]         ; cpt:compteur|nombre[7]         ; clk        ; clk      ; None                        ; None                      ; 2.065 ns                ;
; N/A   ; Restricted to 420.17 MHz ( period = 2.380 ns ) ; cpt:compteur|nombre[7]         ; mae_bip:MAE|etat_present.etat1 ; clk        ; clk      ; None                        ; None                      ; 2.008 ns                ;
; N/A   ; Restricted to 420.17 MHz ( period = 2.380 ns ) ; cpt:compteur|nombre[3]         ; mae_bip:MAE|etat_present.etat2 ; clk        ; clk      ; None                        ; None                      ; 1.955 ns                ;
; N/A   ; Restricted to 420.17 MHz ( period = 2.380 ns ) ; mae_bip:MAE|etat_present.etat1 ; mae_bip:MAE|etat_present.etat0 ; clk        ; clk      ; None                        ; None                      ; 1.956 ns                ;
; N/A   ; Restricted to 420.17 MHz ( period = 2.380 ns ) ; cpt:compteur|nombre[7]         ; cpt:compteur|nombre[1]         ; clk        ; clk      ; None                        ; None                      ; 1.954 ns                ;
; N/A   ; Restricted to 420.17 MHz ( period = 2.380 ns ) ; cpt:compteur|nombre[7]         ; cpt:compteur|nombre[8]         ; clk        ; clk      ; None                        ; None                      ; 1.954 ns                ;
; N/A   ; Restricted to 420.17 MHz ( period = 2.380 ns ) ; cpt:compteur|nombre[7]         ; cpt:compteur|nombre[0]         ; clk        ; clk      ; None                        ; None                      ; 1.954 ns                ;
; N/A   ; Restricted to 420.17 MHz ( period = 2.380 ns ) ; cpt:compteur|nombre[7]         ; cpt:compteur|nombre[4]         ; clk        ; clk      ; None                        ; None                      ; 1.954 ns                ;
; N/A   ; Restricted to 420.17 MHz ( period = 2.380 ns ) ; cpt:compteur|nombre[7]         ; cpt:compteur|nombre[5]         ; clk        ; clk      ; None                        ; None                      ; 1.954 ns                ;
; N/A   ; Restricted to 420.17 MHz ( period = 2.380 ns ) ; cpt:compteur|nombre[7]         ; cpt:compteur|nombre[6]         ; clk        ; clk      ; None                        ; None                      ; 1.954 ns                ;
; N/A   ; Restricted to 420.17 MHz ( period = 2.380 ns ) ; cpt:compteur|nombre[7]         ; cpt:compteur|nombre[3]         ; clk        ; clk      ; None                        ; None                      ; 1.954 ns                ;
; N/A   ; Restricted to 420.17 MHz ( period = 2.380 ns ) ; cpt:compteur|nombre[7]         ; cpt:compteur|nombre[2]         ; clk        ; clk      ; None                        ; None                      ; 1.954 ns                ;
; N/A   ; Restricted to 420.17 MHz ( period = 2.380 ns ) ; cpt:compteur|nombre[7]         ; cpt:compteur|nombre[7]         ; clk        ; clk      ; None                        ; None                      ; 1.954 ns                ;
; N/A   ; Restricted to 420.17 MHz ( period = 2.380 ns ) ; cpt:compteur|nombre[8]         ; mae_bip:MAE|etat_present.etat0 ; clk        ; clk      ; None                        ; None                      ; 1.907 ns                ;
; N/A   ; Restricted to 420.17 MHz ( period = 2.380 ns ) ; cpt:compteur|nombre[2]         ; mae_bip:MAE|etat_present.etat2 ; clk        ; clk      ; None                        ; None                      ; 1.897 ns                ;
; N/A   ; Restricted to 420.17 MHz ( period = 2.380 ns ) ; cpt:compteur|nombre[8]         ; cpt:compteur|nombre[1]         ; clk        ; clk      ; None                        ; None                      ; 1.883 ns                ;
; N/A   ; Restricted to 420.17 MHz ( period = 2.380 ns ) ; cpt:compteur|nombre[8]         ; cpt:compteur|nombre[8]         ; clk        ; clk      ; None                        ; None                      ; 1.883 ns                ;
; N/A   ; Restricted to 420.17 MHz ( period = 2.380 ns ) ; cpt:compteur|nombre[8]         ; cpt:compteur|nombre[0]         ; clk        ; clk      ; None                        ; None                      ; 1.883 ns                ;
; N/A   ; Restricted to 420.17 MHz ( period = 2.380 ns ) ; cpt:compteur|nombre[8]         ; cpt:compteur|nombre[4]         ; clk        ; clk      ; None                        ; None                      ; 1.883 ns                ;
; N/A   ; Restricted to 420.17 MHz ( period = 2.380 ns ) ; cpt:compteur|nombre[8]         ; cpt:compteur|nombre[5]         ; clk        ; clk      ; None                        ; None                      ; 1.883 ns                ;
; N/A   ; Restricted to 420.17 MHz ( period = 2.380 ns ) ; cpt:compteur|nombre[8]         ; cpt:compteur|nombre[6]         ; clk        ; clk      ; None                        ; None                      ; 1.883 ns                ;
; N/A   ; Restricted to 420.17 MHz ( period = 2.380 ns ) ; cpt:compteur|nombre[8]         ; cpt:compteur|nombre[3]         ; clk        ; clk      ; None                        ; None                      ; 1.883 ns                ;
; N/A   ; Restricted to 420.17 MHz ( period = 2.380 ns ) ; cpt:compteur|nombre[8]         ; cpt:compteur|nombre[2]         ; clk        ; clk      ; None                        ; None                      ; 1.883 ns                ;
; N/A   ; Restricted to 420.17 MHz ( period = 2.380 ns ) ; cpt:compteur|nombre[8]         ; cpt:compteur|nombre[7]         ; clk        ; clk      ; None                        ; None                      ; 1.883 ns                ;
; N/A   ; Restricted to 420.17 MHz ( period = 2.380 ns ) ; cpt:compteur|nombre[4]         ; mae_bip:MAE|etat_present.etat1 ; clk        ; clk      ; None                        ; None                      ; 1.873 ns                ;
; N/A   ; Restricted to 420.17 MHz ( period = 2.380 ns ) ; cpt:compteur|nombre[0]         ; mae_bip:MAE|etat_present.etat1 ; clk        ; clk      ; None                        ; None                      ; 1.872 ns                ;
; N/A   ; Restricted to 420.17 MHz ( period = 2.380 ns ) ; cpt:compteur|nombre[4]         ; mae_bip:MAE|etat_present.etat2 ; clk        ; clk      ; None                        ; None                      ; 1.849 ns                ;
; N/A   ; Restricted to 420.17 MHz ( period = 2.380 ns ) ; cpt:compteur|nombre[5]         ; mae_bip:MAE|etat_present.etat1 ; clk        ; clk      ; None                        ; None                      ; 1.839 ns                ;
; N/A   ; Restricted to 420.17 MHz ( period = 2.380 ns ) ; mae_bip:MAE|etat_present.etat0 ; cpt:compteur|nombre[1]         ; clk        ; clk      ; None                        ; None                      ; 1.830 ns                ;
; N/A   ; Restricted to 420.17 MHz ( period = 2.380 ns ) ; mae_bip:MAE|etat_present.etat0 ; cpt:compteur|nombre[8]         ; clk        ; clk      ; None                        ; None                      ; 1.830 ns                ;
; N/A   ; Restricted to 420.17 MHz ( period = 2.380 ns ) ; mae_bip:MAE|etat_present.etat0 ; cpt:compteur|nombre[0]         ; clk        ; clk      ; None                        ; None                      ; 1.830 ns                ;
; N/A   ; Restricted to 420.17 MHz ( period = 2.380 ns ) ; mae_bip:MAE|etat_present.etat0 ; cpt:compteur|nombre[4]         ; clk        ; clk      ; None                        ; None                      ; 1.830 ns                ;
; N/A   ; Restricted to 420.17 MHz ( period = 2.380 ns ) ; mae_bip:MAE|etat_present.etat0 ; cpt:compteur|nombre[5]         ; clk        ; clk      ; None                        ; None                      ; 1.830 ns                ;
; N/A   ; Restricted to 420.17 MHz ( period = 2.380 ns ) ; mae_bip:MAE|etat_present.etat0 ; cpt:compteur|nombre[6]         ; clk        ; clk      ; None                        ; None                      ; 1.830 ns                ;
; N/A   ; Restricted to 420.17 MHz ( period = 2.380 ns ) ; mae_bip:MAE|etat_present.etat0 ; cpt:compteur|nombre[3]         ; clk        ; clk      ; None                        ; None                      ; 1.830 ns                ;
; N/A   ; Restricted to 420.17 MHz ( period = 2.380 ns ) ; mae_bip:MAE|etat_present.etat0 ; cpt:compteur|nombre[2]         ; clk        ; clk      ; None                        ; None                      ; 1.830 ns                ;
; N/A   ; Restricted to 420.17 MHz ( period = 2.380 ns ) ; mae_bip:MAE|etat_present.etat0 ; cpt:compteur|nombre[7]         ; clk        ; clk      ; None                        ; None                      ; 1.830 ns                ;
; N/A   ; Restricted to 420.17 MHz ( period = 2.380 ns ) ; cpt:compteur|nombre[1]         ; mae_bip:MAE|etat_present.etat0 ; clk        ; clk      ; None                        ; None                      ; 1.821 ns                ;
; N/A   ; Restricted to 420.17 MHz ( period = 2.380 ns ) ; cpt:compteur|nombre[7]         ; mae_bip:MAE|etat_present.etat2 ; clk        ; clk      ; None                        ; None                      ; 1.818 ns                ;
; N/A   ; Restricted to 420.17 MHz ( period = 2.380 ns ) ; cpt:compteur|nombre[5]         ; mae_bip:MAE|etat_present.etat2 ; clk        ; clk      ; None                        ; None                      ; 1.815 ns                ;
; N/A   ; Restricted to 420.17 MHz ( period = 2.380 ns ) ; cpt:compteur|nombre[6]         ; mae_bip:MAE|etat_present.etat1 ; clk        ; clk      ; None                        ; None                      ; 1.791 ns                ;
; N/A   ; Restricted to 420.17 MHz ( period = 2.380 ns ) ; cpt:compteur|nombre[6]         ; mae_bip:MAE|etat_present.etat2 ; clk        ; clk      ; None                        ; None                      ; 1.767 ns                ;
; N/A   ; Restricted to 420.17 MHz ( period = 2.380 ns ) ; cpt:compteur|nombre[0]         ; mae_bip:MAE|etat_present.etat2 ; clk        ; clk      ; None                        ; None                      ; 1.682 ns                ;
; N/A   ; Restricted to 420.17 MHz ( period = 2.380 ns ) ; cpt:compteur|nombre[1]         ; mae_bip:MAE|etat_present.etat2 ; clk        ; clk      ; None                        ; None                      ; 1.662 ns                ;
; N/A   ; Restricted to 420.17 MHz ( period = 2.380 ns ) ; mae_bip:MAE|etat_present.etat1 ; mae_bip:MAE|etat_present.etat1 ; clk        ; clk      ; None                        ; None                      ; 1.598 ns                ;
; N/A   ; Restricted to 420.17 MHz ( period = 2.380 ns ) ; cpt:compteur|nombre[8]         ; mae_bip:MAE|etat_present.etat1 ; clk        ; clk      ; None                        ; None                      ; 1.549 ns                ;
; N/A   ; Restricted to 420.17 MHz ( period = 2.380 ns ) ; cpt:compteur|nombre[8]         ; mae_bip:MAE|etat_present.etat2 ; clk        ; clk      ; None                        ; None                      ; 1.525 ns                ;
; N/A   ; Restricted to 420.17 MHz ( period = 2.380 ns ) ; cpt:compteur|nombre[1]         ; mae_bip:MAE|etat_present.etat1 ; clk        ; clk      ; None                        ; None                      ; 1.463 ns                ;
; N/A   ; Restricted to 420.17 MHz ( period = 2.380 ns ) ; mae_bip:MAE|etat_present.etat2 ; mae_bip:MAE|etat_present.etat2 ; clk        ; clk      ; None                        ; None                      ; 1.199 ns                ;
; N/A   ; Restricted to 420.17 MHz ( period = 2.380 ns ) ; mae_bip:MAE|etat_present.etat0 ; mae_bip:MAE|etat_present.etat1 ; clk        ; clk      ; None                        ; None                      ; 0.961 ns                ;
; N/A   ; Restricted to 420.17 MHz ( period = 2.380 ns ) ; mae_bip:MAE|etat_present.etat0 ; mae_bip:MAE|etat_present.etat2 ; clk        ; clk      ; None                        ; None                      ; 0.961 ns                ;
; N/A   ; Restricted to 420.17 MHz ( period = 2.380 ns ) ; mae_bip:MAE|etat_present.etat0 ; generateur_bip:gene|ibip       ; clk        ; clk      ; None                        ; None                      ; 0.712 ns                ;
; N/A   ; Restricted to 420.17 MHz ( period = 2.380 ns ) ; mae_bip:MAE|etat_present.etat0 ; mae_bip:MAE|etat_present.etat0 ; clk        ; clk      ; None                        ; None                      ; 0.407 ns                ;
; N/A   ; Restricted to 420.17 MHz ( period = 2.380 ns ) ; generateur_bip:gene|ibip       ; generateur_bip:gene|ibip       ; clk        ; clk      ; None                        ; None                      ; 0.407 ns                ;
+-------+------------------------------------------------+--------------------------------+--------------------------------+------------+----------+-----------------------------+---------------------------+-------------------------+


+-----------------------------------------------------------------------------------------+
; tsu                                                                                     ;
+-------+--------------+------------+---------+--------------------------------+----------+
; Slack ; Required tsu ; Actual tsu ; From    ; To                             ; To Clock ;
+-------+--------------+------------+---------+--------------------------------+----------+
; N/A   ; None         ; -0.327 ns  ; code[1] ; mae_bip:MAE|etat_present.etat0 ; clk      ;
; N/A   ; None         ; -0.358 ns  ; code[0] ; mae_bip:MAE|etat_present.etat2 ; clk      ;
; N/A   ; None         ; -0.359 ns  ; code[1] ; mae_bip:MAE|etat_present.etat1 ; clk      ;
; N/A   ; None         ; -0.369 ns  ; code[0] ; mae_bip:MAE|etat_present.etat0 ; clk      ;
; N/A   ; None         ; -0.509 ns  ; code[1] ; mae_bip:MAE|etat_present.etat2 ; clk      ;
; N/A   ; None         ; -0.514 ns  ; code[0] ; mae_bip:MAE|etat_present.etat1 ; clk      ;
+-------+--------------+------------+---------+--------------------------------+----------+


+-------------------------------------------------------------------------------------------+
; tco                                                                                       ;
+-------+--------------+------------+--------------------------------+---------+------------+
; Slack ; Required tco ; Actual tco ; From                           ; To      ; From Clock ;
+-------+--------------+------------+--------------------------------+---------+------------+
; N/A   ; None         ; 7.192 ns   ; generateur_bip:gene|ibip       ; out_bip ; clk        ;
; N/A   ; None         ; 6.431 ns   ; mae_bip:MAE|etat_present.etat1 ; etat[0] ; clk        ;
; N/A   ; None         ; 6.400 ns   ; mae_bip:MAE|etat_present.etat2 ; etat[1] ; clk        ;
+-------+--------------+------------+--------------------------------+---------+------------+


+-----------------------------------------------------------------------------------------------+
; th                                                                                            ;
+---------------+-------------+-----------+---------+--------------------------------+----------+
; Minimum Slack ; Required th ; Actual th ; From    ; To                             ; To Clock ;
+---------------+-------------+-----------+---------+--------------------------------+----------+
; N/A           ; None        ; 0.744 ns  ; code[0] ; mae_bip:MAE|etat_present.etat1 ; clk      ;
; N/A           ; None        ; 0.739 ns  ; code[1] ; mae_bip:MAE|etat_present.etat2 ; clk      ;
; N/A           ; None        ; 0.599 ns  ; code[0] ; mae_bip:MAE|etat_present.etat0 ; clk      ;
; N/A           ; None        ; 0.589 ns  ; code[1] ; mae_bip:MAE|etat_present.etat1 ; clk      ;
; N/A           ; None        ; 0.588 ns  ; code[0] ; mae_bip:MAE|etat_present.etat2 ; clk      ;
; N/A           ; None        ; 0.557 ns  ; code[1] ; mae_bip:MAE|etat_present.etat0 ; clk      ;
+---------------+-------------+-----------+---------+--------------------------------+----------+


+--------------------------+
; Timing Analyzer Messages ;
+--------------------------+
Info: *******************************************************************
Info: Running Quartus II Classic Timing Analyzer
    Info: Version 9.1 Build 350 03/24/2010 Service Pack 2 SJ Web Edition
    Info: Processing started: Fri Jan 07 19:40:47 2022
Info: Command: quartus_tan --read_settings_files=off --write_settings_files=off gestion_boutons_poussoirs -c gestion_boutons_poussoirs --timing_analysis_only
Warning: Found pins functioning as undefined clocks and/or memory enables
    Info: Assuming node "clk" is an undefined clock
Info: Clock "clk" has Internal fmax of 368.05 MHz between source register "cpt:compteur|nombre[3]" and destination register "mae_bip:MAE|etat_present.etat0" (period= 2.717 ns)
    Info: + Longest register to register delay is 2.503 ns
        Info: 1: + IC(0.000 ns) + CELL(0.000 ns) = 0.000 ns; Loc. = LCFF_X29_Y34_N17; Fanout = 4; REG Node = 'cpt:compteur|nombre[3]'
        Info: 2: + IC(0.354 ns) + CELL(0.398 ns) = 0.752 ns; Loc. = LCCOMB_X29_Y34_N0; Fanout = 3; COMB Node = 'mae_bip:MAE|Equal2~0'
        Info: 3: + IC(0.445 ns) + CELL(0.275 ns) = 1.472 ns; Loc. = LCCOMB_X29_Y34_N4; Fanout = 2; COMB Node = 'mae_bip:MAE|Selector1~0'
        Info: 4: + IC(0.262 ns) + CELL(0.275 ns) = 2.009 ns; Loc. = LCCOMB_X29_Y34_N6; Fanout = 1; COMB Node = 'mae_bip:MAE|Selector0~1'
        Info: 5: + IC(0.260 ns) + CELL(0.150 ns) = 2.419 ns; Loc. = LCCOMB_X29_Y34_N30; Fanout = 1; COMB Node = 'mae_bip:MAE|Selector0~2'
        Info: 6: + IC(0.000 ns) + CELL(0.084 ns) = 2.503 ns; Loc. = LCFF_X29_Y34_N31; Fanout = 5; REG Node = 'mae_bip:MAE|etat_present.etat0'
        Info: Total cell delay = 1.182 ns ( 47.22 % )
        Info: Total interconnect delay = 1.321 ns ( 52.78 % )
    Info: - Smallest clock skew is 0.000 ns
        Info: + Shortest clock path from clock "clk" to destination register is 2.697 ns
            Info: 1: + IC(0.000 ns) + CELL(0.999 ns) = 0.999 ns; Loc. = PIN_P2; Fanout = 1; CLK Node = 'clk'
            Info: 2: + IC(0.118 ns) + CELL(0.000 ns) = 1.117 ns; Loc. = CLKCTRL_G3; Fanout = 13; COMB Node = 'clk~clkctrl'
            Info: 3: + IC(1.043 ns) + CELL(0.537 ns) = 2.697 ns; Loc. = LCFF_X29_Y34_N31; Fanout = 5; REG Node = 'mae_bip:MAE|etat_present.etat0'
            Info: Total cell delay = 1.536 ns ( 56.95 % )
            Info: Total interconnect delay = 1.161 ns ( 43.05 % )
        Info: - Longest clock path from clock "clk" to source register is 2.697 ns
            Info: 1: + IC(0.000 ns) + CELL(0.999 ns) = 0.999 ns; Loc. = PIN_P2; Fanout = 1; CLK Node = 'clk'
            Info: 2: + IC(0.118 ns) + CELL(0.000 ns) = 1.117 ns; Loc. = CLKCTRL_G3; Fanout = 13; COMB Node = 'clk~clkctrl'
            Info: 3: + IC(1.043 ns) + CELL(0.537 ns) = 2.697 ns; Loc. = LCFF_X29_Y34_N17; Fanout = 4; REG Node = 'cpt:compteur|nombre[3]'
            Info: Total cell delay = 1.536 ns ( 56.95 % )
            Info: Total interconnect delay = 1.161 ns ( 43.05 % )
    Info: + Micro clock to output delay of source is 0.250 ns
    Info: + Micro setup delay of destination is -0.036 ns
Info: tsu for register "mae_bip:MAE|etat_present.etat0" (data pin = "code[1]", clock pin = "clk") is -0.327 ns
    Info: + Longest pin to register delay is 2.406 ns
        Info: 1: + IC(0.000 ns) + CELL(0.979 ns) = 0.979 ns; Loc. = PIN_D13; Fanout = 3; PIN Node = 'code[1]'
        Info: 2: + IC(0.905 ns) + CELL(0.438 ns) = 2.322 ns; Loc. = LCCOMB_X29_Y34_N30; Fanout = 1; COMB Node = 'mae_bip:MAE|Selector0~2'
        Info: 3: + IC(0.000 ns) + CELL(0.084 ns) = 2.406 ns; Loc. = LCFF_X29_Y34_N31; Fanout = 5; REG Node = 'mae_bip:MAE|etat_present.etat0'
        Info: Total cell delay = 1.501 ns ( 62.39 % )
        Info: Total interconnect delay = 0.905 ns ( 37.61 % )
    Info: + Micro setup delay of destination is -0.036 ns
    Info: - Shortest clock path from clock "clk" to destination register is 2.697 ns
        Info: 1: + IC(0.000 ns) + CELL(0.999 ns) = 0.999 ns; Loc. = PIN_P2; Fanout = 1; CLK Node = 'clk'
        Info: 2: + IC(0.118 ns) + CELL(0.000 ns) = 1.117 ns; Loc. = CLKCTRL_G3; Fanout = 13; COMB Node = 'clk~clkctrl'
        Info: 3: + IC(1.043 ns) + CELL(0.537 ns) = 2.697 ns; Loc. = LCFF_X29_Y34_N31; Fanout = 5; REG Node = 'mae_bip:MAE|etat_present.etat0'
        Info: Total cell delay = 1.536 ns ( 56.95 % )
        Info: Total interconnect delay = 1.161 ns ( 43.05 % )
Info: tco from clock "clk" to destination pin "out_bip" through register "generateur_bip:gene|ibip" is 7.192 ns
    Info: + Longest clock path from clock "clk" to source register is 2.696 ns
        Info: 1: + IC(0.000 ns) + CELL(0.999 ns) = 0.999 ns; Loc. = PIN_P2; Fanout = 1; CLK Node = 'clk'
        Info: 2: + IC(0.118 ns) + CELL(0.000 ns) = 1.117 ns; Loc. = CLKCTRL_G3; Fanout = 13; COMB Node = 'clk~clkctrl'
        Info: 3: + IC(1.042 ns) + CELL(0.537 ns) = 2.696 ns; Loc. = LCFF_X28_Y34_N13; Fanout = 2; REG Node = 'generateur_bip:gene|ibip'
        Info: Total cell delay = 1.536 ns ( 56.97 % )
        Info: Total interconnect delay = 1.160 ns ( 43.03 % )
    Info: + Micro clock to output delay of source is 0.250 ns
    Info: + Longest register to pin delay is 4.246 ns
        Info: 1: + IC(0.000 ns) + CELL(0.000 ns) = 0.000 ns; Loc. = LCFF_X28_Y34_N13; Fanout = 2; REG Node = 'generateur_bip:gene|ibip'
        Info: 2: + IC(1.457 ns) + CELL(2.789 ns) = 4.246 ns; Loc. = PIN_E5; Fanout = 0; PIN Node = 'out_bip'
        Info: Total cell delay = 2.789 ns ( 65.69 % )
        Info: Total interconnect delay = 1.457 ns ( 34.31 % )
Info: th for register "mae_bip:MAE|etat_present.etat1" (data pin = "code[0]", clock pin = "clk") is 0.744 ns
    Info: + Longest clock path from clock "clk" to destination register is 2.696 ns
        Info: 1: + IC(0.000 ns) + CELL(0.999 ns) = 0.999 ns; Loc. = PIN_P2; Fanout = 1; CLK Node = 'clk'
        Info: 2: + IC(0.118 ns) + CELL(0.000 ns) = 1.117 ns; Loc. = CLKCTRL_G3; Fanout = 13; COMB Node = 'clk~clkctrl'
        Info: 3: + IC(1.042 ns) + CELL(0.537 ns) = 2.696 ns; Loc. = LCFF_X28_Y34_N17; Fanout = 3; REG Node = 'mae_bip:MAE|etat_present.etat1'
        Info: Total cell delay = 1.536 ns ( 56.97 % )
        Info: Total interconnect delay = 1.160 ns ( 43.03 % )
    Info: + Micro hold delay of destination is 0.266 ns
    Info: - Shortest pin to register delay is 2.218 ns
        Info: 1: + IC(0.000 ns) + CELL(0.979 ns) = 0.979 ns; Loc. = PIN_C13; Fanout = 3; PIN Node = 'code[0]'
        Info: 2: + IC(0.884 ns) + CELL(0.271 ns) = 2.134 ns; Loc. = LCCOMB_X28_Y34_N16; Fanout = 1; COMB Node = 'mae_bip:MAE|Selector1~1'
        Info: 3: + IC(0.000 ns) + CELL(0.084 ns) = 2.218 ns; Loc. = LCFF_X28_Y34_N17; Fanout = 3; REG Node = 'mae_bip:MAE|etat_present.etat1'
        Info: Total cell delay = 1.334 ns ( 60.14 % )
        Info: Total interconnect delay = 0.884 ns ( 39.86 % )
Info: Quartus II Classic Timing Analyzer was successful. 0 errors, 1 warning
    Info: Peak virtual memory: 190 megabytes
    Info: Processing ended: Fri Jan 07 19:40:47 2022
    Info: Elapsed time: 00:00:00
    Info: Total CPU time (on all processors): 00:00:00


