Flow report for acquisition_cap
Fri Jan 07 19:14:53 2022
Quartus II Version 9.1 Build 350 03/24/2010 Service Pack 2 SJ Web Edition


---------------------
; Table of Contents ;
---------------------
  1. Legal Notice
  2. Flow Summary
  3. Flow Settings
  4. Flow Non-Default Global Settings
  5. Flow Elapsed Time
  6. Flow OS Summary
  7. Flow Log



----------------
; Legal Notice ;
----------------
Copyright (C) 1991-2010 Altera Corporation
Your use of Altera Corporation's design tools, logic functions 
and other software and tools, and its AMPP partner logic 
functions, and any output files from any of the foregoing 
(including device programming or simulation files), and any 
associated documentation or information are expressly subject 
to the terms and conditions of the Altera Program License 
Subscription Agreement, Altera MegaCore Function License 
Agreement, or other applicable license agreement, including, 
without limitation, that your use is for the sole purpose of 
programming logic devices manufactured by Altera and sold by 
Altera or its authorized distributors.  Please refer to the 
applicable agreement for further details.



+-----------------------------------------------------------------------------------+
; Flow Summary                                                                      ;
+------------------------------------+----------------------------------------------+
; Flow Status                        ; Successful - Fri Jan 07 19:14:53 2022        ;
; Quartus II Version                 ; 9.1 Build 350 03/24/2010 SP 2 SJ Web Edition ;
; Revision Name                      ; acquisition_cap                              ;
; Top-level Entity Name              ; acquisition_cap                              ;
; Family                             ; Cyclone II                                   ;
; Device                             ; EP2C35F672C6                                 ;
; Timing Models                      ; Final                                        ;
; Met timing requirements            ; No                                           ;
; Total logic elements               ; 129 / 33,216 ( < 1 % )                       ;
;     Total combinational functions  ; 128 / 33,216 ( < 1 % )                       ;
;     Dedicated logic registers      ; 90 / 33,216 ( < 1 % )                        ;
; Total registers                    ; 90                                           ;
; Total pins                         ; 19 / 475 ( 4 % )                             ;
; Total virtual pins                 ; 0                                            ;
; Total memory bits                  ; 0 / 483,840 ( 0 % )                          ;
; Embedded Multiplier 9-bit elements ; 0 / 70 ( 0 % )                               ;
; Total PLLs                         ; 0 / 4 ( 0 % )                                ;
+------------------------------------+----------------------------------------------+


+-----------------------------------------+
; Flow Settings                           ;
+-------------------+---------------------+
; Option            ; Setting             ;
+-------------------+---------------------+
; Start date & time ; 01/07/2022 19:14:45 ;
; Main task         ; Compilation         ;
; Revision Name     ; acquisition_cap     ;
+-------------------+---------------------+


+--------------------------------------------------------------------------------------------------------------------------------------------------------------------------------------+
; Flow Non-Default Global Settings                                                                                                                                                     ;
+------------------------------------+--------------------------------------------------------------------------------------------------+---------------+-------------+----------------+
; Assignment Name                    ; Value                                                                                            ; Default Value ; Entity Name ; Section Id     ;
+------------------------------------+--------------------------------------------------------------------------------------------------+---------------+-------------+----------------+
; COMPILER_SIGNATURE_ID              ; 140944875946330.164157928428556                                                                  ; --            ; --          ; --             ;
; MAX_CORE_JUNCTION_TEMP             ; 85                                                                                               ; --            ; --          ; --             ;
; MIN_CORE_JUNCTION_TEMP             ; 0                                                                                                ; --            ; --          ; --             ;
; MISC_FILE                          ; C:/Users/Etudiant/Documents/BE VHDL Boulfani Boudounet/BE/acquisition_cap/Q9/acquisition_cap.dpf ; --            ; --          ; --             ;
; PARTITION_COLOR                    ; 16764057                                                                                         ; --            ; --          ; Top            ;
; PARTITION_NETLIST_TYPE             ; SOURCE                                                                                           ; --            ; --          ; Top            ;
; USE_GENERATED_PHYSICAL_CONSTRAINTS ; Off                                                                                              ; --            ; --          ; eda_blast_fpga ;
+------------------------------------+--------------------------------------------------------------------------------------------------+---------------+-------------+----------------+


+-----------------------------------------------------------------------------------------------------------------------------+
; Flow Elapsed Time                                                                                                           ;
+-------------------------+--------------+-------------------------+---------------------+------------------------------------+
; Module Name             ; Elapsed Time ; Average Processors Used ; Peak Virtual Memory ; Total CPU Time (on all processors) ;
+-------------------------+--------------+-------------------------+---------------------+------------------------------------+
; Analysis & Synthesis    ; 00:00:01     ; 1.0                     ; 248 MB              ; 00:00:01                           ;
; Fitter                  ; 00:00:04     ; 1.0                     ; 305 MB              ; 00:00:04                           ;
; Assembler               ; 00:00:01     ; 1.0                     ; 270 MB              ; 00:00:01                           ;
; Classic Timing Analyzer ; 00:00:00     ; 1.0                     ; 176 MB              ; 00:00:00                           ;
; Total                   ; 00:00:06     ; --                      ; --                  ; 00:00:06                           ;
+-------------------------+--------------+-------------------------+---------------------+------------------------------------+


+------------------------------------------------------------------------------------------+
; Flow OS Summary                                                                          ;
+-------------------------+------------------+---------------+------------+----------------+
; Module Name             ; Machine Hostname ; OS Name       ; OS Version ; Processor type ;
+-------------------------+------------------+---------------+------------+----------------+
; Analysis & Synthesis    ; LAPTOP-VT972C06  ; Windows Vista ; 6.2        ; x86_64         ;
; Fitter                  ; LAPTOP-VT972C06  ; Windows Vista ; 6.2        ; x86_64         ;
; Assembler               ; LAPTOP-VT972C06  ; Windows Vista ; 6.2        ; x86_64         ;
; Classic Timing Analyzer ; LAPTOP-VT972C06  ; Windows Vista ; 6.2        ; x86_64         ;
+-------------------------+------------------+---------------+------------+----------------+


------------
; Flow Log ;
------------
quartus_map --read_settings_files=on --write_settings_files=off acquisition_cap -c acquisition_cap
quartus_fit --read_settings_files=off --write_settings_files=off acquisition_cap -c acquisition_cap
quartus_asm --read_settings_files=off --write_settings_files=off acquisition_cap -c acquisition_cap
quartus_tan --read_settings_files=off --write_settings_files=off acquisition_cap -c acquisition_cap --timing_analysis_only



